[14-Oct-2024 18:38:50 Europe/Berlin] Database error: SQLSTATE[HY000] [1045] Access denied for user 'your_username'@'localhost' (using password: YES)
[16-Oct-2024 02:30:12 Europe/Berlin] PHP Warning:  Undefined array key "confidence" in C:\xampp\htdocs\Thesis-IntelliEgg\webpages\fertility_check.php on line 62
[16-Oct-2024 02:30:12 Europe/Berlin] Database error: SQLSTATE[42S22]: Column not found: 1054 Unknown column 'row' in 'field list'
[16-Oct-2024 02:30:17 Europe/Berlin] PHP Warning:  Undefined array key "confidence" in C:\xampp\htdocs\Thesis-IntelliEgg\webpages\fertility_check.php on line 62
[16-Oct-2024 02:30:17 Europe/Berlin] Database error: SQLSTATE[42S22]: Column not found: 1054 Unknown column 'row' in 'field list'
[16-Oct-2024 02:30:22 Europe/Berlin] PHP Warning:  Undefined array key "confidence" in C:\xampp\htdocs\Thesis-IntelliEgg\webpages\fertility_check.php on line 62
[16-Oct-2024 02:30:22 Europe/Berlin] Database error: SQLSTATE[42S22]: Column not found: 1054 Unknown column 'row' in 'field list'
[16-Oct-2024 02:30:27 Europe/Berlin] PHP Warning:  Undefined array key "confidence" in C:\xampp\htdocs\Thesis-IntelliEgg\webpages\fertility_check.php on line 62
[16-Oct-2024 02:30:27 Europe/Berlin] Database error: SQLSTATE[42S22]: Column not found: 1054 Unknown column 'row' in 'field list'
[16-Oct-2024 02:30:32 Europe/Berlin] PHP Warning:  Undefined array key "confidence" in C:\xampp\htdocs\Thesis-IntelliEgg\webpages\fertility_check.php on line 62
[16-Oct-2024 02:30:32 Europe/Berlin] Database error: SQLSTATE[42S22]: Column not found: 1054 Unknown column 'row' in 'field list'
[16-Oct-2024 02:30:37 Europe/Berlin] PHP Warning:  Undefined array key "confidence" in C:\xampp\htdocs\Thesis-IntelliEgg\webpages\fertility_check.php on line 62
[16-Oct-2024 02:30:37 Europe/Berlin] Database error: SQLSTATE[42S22]: Column not found: 1054 Unknown column 'row' in 'field list'
[16-Oct-2024 02:30:42 Europe/Berlin] PHP Warning:  Undefined array key "confidence" in C:\xampp\htdocs\Thesis-IntelliEgg\webpages\fertility_check.php on line 62
[16-Oct-2024 02:30:42 Europe/Berlin] Database error: SQLSTATE[42S22]: Column not found: 1054 Unknown column 'row' in 'field list'
[16-Oct-2024 02:30:47 Europe/Berlin] PHP Warning:  Undefined array key "confidence" in C:\xampp\htdocs\Thesis-IntelliEgg\webpages\fertility_check.php on line 62
[16-Oct-2024 02:30:47 Europe/Berlin] Database error: SQLSTATE[42S02]: Base table or view not found: 1146 Table 'intelliegg.fertility_results' doesn't exist
[16-Oct-2024 02:30:52 Europe/Berlin] PHP Warning:  Undefined array key "confidence" in C:\xampp\htdocs\Thesis-IntelliEgg\webpages\fertility_check.php on line 62
[16-Oct-2024 02:30:52 Europe/Berlin] Database error: SQLSTATE[42S02]: Base table or view not found: 1146 Table 'intelliegg.fertility_results' doesn't exist
[16-Oct-2024 02:30:57 Europe/Berlin] PHP Warning:  Undefined array key "confidence" in C:\xampp\htdocs\Thesis-IntelliEgg\webpages\fertility_check.php on line 62
[16-Oct-2024 02:30:57 Europe/Berlin] Database error: SQLSTATE[42S02]: Base table or view not found: 1146 Table 'intelliegg.fertility_results' doesn't exist
[16-Oct-2024 02:31:02 Europe/Berlin] PHP Warning:  Undefined array key "confidence" in C:\xampp\htdocs\Thesis-IntelliEgg\webpages\fertility_check.php on line 62
[16-Oct-2024 02:31:02 Europe/Berlin] Database error: SQLSTATE[42S02]: Base table or view not found: 1146 Table 'intelliegg.fertility_results' doesn't exist
[16-Oct-2024 02:31:07 Europe/Berlin] PHP Warning:  Undefined array key "confidence" in C:\xampp\htdocs\Thesis-IntelliEgg\webpages\fertility_check.php on line 62
[16-Oct-2024 02:31:07 Europe/Berlin] Database error: SQLSTATE[42S02]: Base table or view not found: 1146 Table 'intelliegg.fertility_results' doesn't exist
[16-Oct-2024 02:31:12 Europe/Berlin] PHP Warning:  Undefined array key "confidence" in C:\xampp\htdocs\Thesis-IntelliEgg\webpages\fertility_check.php on line 62
[16-Oct-2024 02:31:12 Europe/Berlin] PHP Warning:  Undefined array key "confidence" in C:\xampp\htdocs\Thesis-IntelliEgg\webpages\fertility_check.php on line 62
[16-Oct-2024 02:31:17 Europe/Berlin] PHP Warning:  Undefined array key "confidence" in C:\xampp\htdocs\Thesis-IntelliEgg\webpages\fertility_check.php on line 62
[16-Oct-2024 02:31:17 Europe/Berlin] PHP Warning:  Undefined array key "confidence" in C:\xampp\htdocs\Thesis-IntelliEgg\webpages\fertility_check.php on line 62
[16-Oct-2024 02:31:22 Europe/Berlin] PHP Warning:  Undefined array key "confidence" in C:\xampp\htdocs\Thesis-IntelliEgg\webpages\fertility_check.php on line 62
[16-Oct-2024 02:31:22 Europe/Berlin] PHP Warning:  Undefined array key "confidence" in C:\xampp\htdocs\Thesis-IntelliEgg\webpages\fertility_check.php on line 62
[16-Oct-2024 02:31:27 Europe/Berlin] PHP Warning:  Undefined array key "confidence" in C:\xampp\htdocs\Thesis-IntelliEgg\webpages\fertility_check.php on line 62
[16-Oct-2024 02:31:27 Europe/Berlin] PHP Warning:  Undefined array key "confidence" in C:\xampp\htdocs\Thesis-IntelliEgg\webpages\fertility_check.php on line 62
[16-Oct-2024 02:31:32 Europe/Berlin] PHP Warning:  Undefined array key "confidence" in C:\xampp\htdocs\Thesis-IntelliEgg\webpages\fertility_check.php on line 62
[16-Oct-2024 02:31:32 Europe/Berlin] PHP Warning:  Undefined array key "confidence" in C:\xampp\htdocs\Thesis-IntelliEgg\webpages\fertility_check.php on line 62
[16-Oct-2024 02:31:37 Europe/Berlin] PHP Warning:  Undefined array key "confidence" in C:\xampp\htdocs\Thesis-IntelliEgg\webpages\fertility_check.php on line 62
[16-Oct-2024 02:31:37 Europe/Berlin] PHP Warning:  Undefined array key "confidence" in C:\xampp\htdocs\Thesis-IntelliEgg\webpages\fertility_check.php on line 62
[16-Oct-2024 02:31:42 Europe/Berlin] PHP Warning:  Undefined array key "confidence" in C:\xampp\htdocs\Thesis-IntelliEgg\webpages\fertility_check.php on line 62
[16-Oct-2024 02:31:42 Europe/Berlin] PHP Warning:  Undefined array key "confidence" in C:\xampp\htdocs\Thesis-IntelliEgg\webpages\fertility_check.php on line 62
[16-Oct-2024 02:31:47 Europe/Berlin] PHP Warning:  Undefined array key "confidence" in C:\xampp\htdocs\Thesis-IntelliEgg\webpages\fertility_check.php on line 62
[16-Oct-2024 02:31:47 Europe/Berlin] PHP Warning:  Undefined array key "confidence" in C:\xampp\htdocs\Thesis-IntelliEgg\webpages\fertility_check.php on line 62
[16-Oct-2024 02:31:52 Europe/Berlin] PHP Warning:  Undefined array key "confidence" in C:\xampp\htdocs\Thesis-IntelliEgg\webpages\fertility_check.php on line 62
[16-Oct-2024 02:31:52 Europe/Berlin] PHP Warning:  Undefined array key "confidence" in C:\xampp\htdocs\Thesis-IntelliEgg\webpages\fertility_check.php on line 62
[16-Oct-2024 02:31:56 Europe/Berlin] PHP Warning:  Undefined array key "confidence" in C:\xampp\htdocs\Thesis-IntelliEgg\webpages\fertility_check.php on line 62
[16-Oct-2024 02:31:56 Europe/Berlin] PHP Warning:  Undefined array key "confidence" in C:\xampp\htdocs\Thesis-IntelliEgg\webpages\fertility_check.php on line 62
[16-Oct-2024 02:32:03 Europe/Berlin] PHP Warning:  Undefined array key "confidence" in C:\xampp\htdocs\Thesis-IntelliEgg\webpages\fertility_check.php on line 62
[16-Oct-2024 02:32:03 Europe/Berlin] PHP Warning:  Undefined array key "confidence" in C:\xampp\htdocs\Thesis-IntelliEgg\webpages\fertility_check.php on line 62
[16-Oct-2024 02:32:08 Europe/Berlin] PHP Warning:  Undefined array key "confidence" in C:\xampp\htdocs\Thesis-IntelliEgg\webpages\fertility_check.php on line 62
[16-Oct-2024 02:32:08 Europe/Berlin] PHP Warning:  Undefined array key "confidence" in C:\xampp\htdocs\Thesis-IntelliEgg\webpages\fertility_check.php on line 62
[16-Oct-2024 02:32:13 Europe/Berlin] PHP Warning:  Undefined array key "confidence" in C:\xampp\htdocs\Thesis-IntelliEgg\webpages\fertility_check.php on line 62
[16-Oct-2024 02:32:13 Europe/Berlin] PHP Warning:  Undefined array key "confidence" in C:\xampp\htdocs\Thesis-IntelliEgg\webpages\fertility_check.php on line 62
[16-Oct-2024 02:32:18 Europe/Berlin] PHP Warning:  Undefined array key "confidence" in C:\xampp\htdocs\Thesis-IntelliEgg\webpages\fertility_check.php on line 62
[16-Oct-2024 02:32:18 Europe/Berlin] PHP Warning:  Undefined array key "confidence" in C:\xampp\htdocs\Thesis-IntelliEgg\webpages\fertility_check.php on line 62
[16-Oct-2024 02:32:23 Europe/Berlin] PHP Warning:  Undefined array key "confidence" in C:\xampp\htdocs\Thesis-IntelliEgg\webpages\fertility_check.php on line 62
[16-Oct-2024 02:32:23 Europe/Berlin] PHP Warning:  Undefined array key "confidence" in C:\xampp\htdocs\Thesis-IntelliEgg\webpages\fertility_check.php on line 62
[16-Oct-2024 02:32:28 Europe/Berlin] PHP Warning:  Undefined array key "confidence" in C:\xampp\htdocs\Thesis-IntelliEgg\webpages\fertility_check.php on line 62
[16-Oct-2024 02:32:28 Europe/Berlin] PHP Warning:  Undefined array key "confidence" in C:\xampp\htdocs\Thesis-IntelliEgg\webpages\fertility_check.php on line 62
[16-Oct-2024 02:32:33 Europe/Berlin] PHP Warning:  Undefined array key "confidence" in C:\xampp\htdocs\Thesis-IntelliEgg\webpages\fertility_check.php on line 62
[16-Oct-2024 02:32:33 Europe/Berlin] PHP Warning:  Undefined array key "confidence" in C:\xampp\htdocs\Thesis-IntelliEgg\webpages\fertility_check.php on line 62
[16-Oct-2024 02:32:38 Europe/Berlin] PHP Warning:  Undefined array key "confidence" in C:\xampp\htdocs\Thesis-IntelliEgg\webpages\fertility_check.php on line 62
[16-Oct-2024 02:32:38 Europe/Berlin] PHP Warning:  Undefined array key "confidence" in C:\xampp\htdocs\Thesis-IntelliEgg\webpages\fertility_check.php on line 62
[16-Oct-2024 02:32:43 Europe/Berlin] PHP Warning:  Undefined array key "confidence" in C:\xampp\htdocs\Thesis-IntelliEgg\webpages\fertility_check.php on line 62
[16-Oct-2024 02:32:43 Europe/Berlin] PHP Warning:  Undefined array key "confidence" in C:\xampp\htdocs\Thesis-IntelliEgg\webpages\fertility_check.php on line 62
[16-Oct-2024 02:32:48 Europe/Berlin] PHP Warning:  Undefined array key "confidence" in C:\xampp\htdocs\Thesis-IntelliEgg\webpages\fertility_check.php on line 62
[16-Oct-2024 02:32:48 Europe/Berlin] PHP Warning:  Undefined array key "confidence" in C:\xampp\htdocs\Thesis-IntelliEgg\webpages\fertility_check.php on line 62
[16-Oct-2024 02:32:53 Europe/Berlin] PHP Warning:  Undefined array key "confidence" in C:\xampp\htdocs\Thesis-IntelliEgg\webpages\fertility_check.php on line 62
[16-Oct-2024 02:32:53 Europe/Berlin] PHP Warning:  Undefined array key "confidence" in C:\xampp\htdocs\Thesis-IntelliEgg\webpages\fertility_check.php on line 62
[16-Oct-2024 02:32:58 Europe/Berlin] PHP Warning:  Undefined array key "confidence" in C:\xampp\htdocs\Thesis-IntelliEgg\webpages\fertility_check.php on line 62
[16-Oct-2024 02:32:58 Europe/Berlin] PHP Warning:  Undefined array key "confidence" in C:\xampp\htdocs\Thesis-IntelliEgg\webpages\fertility_check.php on line 62
[16-Oct-2024 02:33:03 Europe/Berlin] PHP Warning:  Undefined array key "confidence" in C:\xampp\htdocs\Thesis-IntelliEgg\webpages\fertility_check.php on line 62
[16-Oct-2024 02:33:03 Europe/Berlin] PHP Warning:  Undefined array key "confidence" in C:\xampp\htdocs\Thesis-IntelliEgg\webpages\fertility_check.php on line 62
[16-Oct-2024 02:33:08 Europe/Berlin] PHP Warning:  Undefined array key "confidence" in C:\xampp\htdocs\Thesis-IntelliEgg\webpages\fertility_check.php on line 62
[16-Oct-2024 02:33:08 Europe/Berlin] PHP Warning:  Undefined array key "confidence" in C:\xampp\htdocs\Thesis-IntelliEgg\webpages\fertility_check.php on line 62
[16-Oct-2024 02:33:13 Europe/Berlin] PHP Warning:  Undefined array key "confidence" in C:\xampp\htdocs\Thesis-IntelliEgg\webpages\fertility_check.php on line 62
[16-Oct-2024 02:33:13 Europe/Berlin] PHP Warning:  Undefined array key "confidence" in C:\xampp\htdocs\Thesis-IntelliEgg\webpages\fertility_check.php on line 62
[16-Oct-2024 02:33:18 Europe/Berlin] PHP Warning:  Undefined array key "confidence" in C:\xampp\htdocs\Thesis-IntelliEgg\webpages\fertility_check.php on line 62
[16-Oct-2024 02:33:18 Europe/Berlin] PHP Warning:  Undefined array key "confidence" in C:\xampp\htdocs\Thesis-IntelliEgg\webpages\fertility_check.php on line 62
[16-Oct-2024 02:33:23 Europe/Berlin] PHP Warning:  Undefined array key "confidence" in C:\xampp\htdocs\Thesis-IntelliEgg\webpages\fertility_check.php on line 62
[16-Oct-2024 02:33:23 Europe/Berlin] PHP Warning:  Undefined array key "confidence" in C:\xampp\htdocs\Thesis-IntelliEgg\webpages\fertility_check.php on line 62
[16-Oct-2024 02:33:28 Europe/Berlin] PHP Warning:  Undefined array key "confidence" in C:\xampp\htdocs\Thesis-IntelliEgg\webpages\fertility_check.php on line 62
[16-Oct-2024 02:33:28 Europe/Berlin] PHP Warning:  Undefined array key "confidence" in C:\xampp\htdocs\Thesis-IntelliEgg\webpages\fertility_check.php on line 62
[16-Oct-2024 02:33:33 Europe/Berlin] PHP Warning:  Undefined array key "confidence" in C:\xampp\htdocs\Thesis-IntelliEgg\webpages\fertility_check.php on line 62
[16-Oct-2024 02:33:33 Europe/Berlin] PHP Warning:  Undefined array key "confidence" in C:\xampp\htdocs\Thesis-IntelliEgg\webpages\fertility_check.php on line 62
[16-Oct-2024 02:33:38 Europe/Berlin] PHP Warning:  Undefined array key "confidence" in C:\xampp\htdocs\Thesis-IntelliEgg\webpages\fertility_check.php on line 62
[16-Oct-2024 02:33:38 Europe/Berlin] PHP Warning:  Undefined array key "confidence" in C:\xampp\htdocs\Thesis-IntelliEgg\webpages\fertility_check.php on line 62
[16-Oct-2024 02:33:43 Europe/Berlin] PHP Warning:  Undefined array key "confidence" in C:\xampp\htdocs\Thesis-IntelliEgg\webpages\fertility_check.php on line 62
[16-Oct-2024 02:33:43 Europe/Berlin] PHP Warning:  Undefined array key "confidence" in C:\xampp\htdocs\Thesis-IntelliEgg\webpages\fertility_check.php on line 62
[16-Oct-2024 02:33:47 Europe/Berlin] PHP Warning:  Undefined array key "confidence" in C:\xampp\htdocs\Thesis-IntelliEgg\webpages\fertility_check.php on line 62
[16-Oct-2024 02:33:47 Europe/Berlin] PHP Warning:  Undefined array key "confidence" in C:\xampp\htdocs\Thesis-IntelliEgg\webpages\fertility_check.php on line 62
[16-Oct-2024 02:33:53 Europe/Berlin] PHP Warning:  Undefined array key "confidence" in C:\xampp\htdocs\Thesis-IntelliEgg\webpages\fertility_check.php on line 62
[16-Oct-2024 02:33:53 Europe/Berlin] PHP Warning:  Undefined array key "confidence" in C:\xampp\htdocs\Thesis-IntelliEgg\webpages\fertility_check.php on line 62
[16-Oct-2024 02:33:58 Europe/Berlin] PHP Warning:  Undefined array key "confidence" in C:\xampp\htdocs\Thesis-IntelliEgg\webpages\fertility_check.php on line 62
[16-Oct-2024 02:33:58 Europe/Berlin] PHP Warning:  Undefined array key "confidence" in C:\xampp\htdocs\Thesis-IntelliEgg\webpages\fertility_check.php on line 62
[16-Oct-2024 02:34:03 Europe/Berlin] PHP Warning:  Undefined array key "confidence" in C:\xampp\htdocs\Thesis-IntelliEgg\webpages\fertility_check.php on line 62
[16-Oct-2024 02:34:03 Europe/Berlin] PHP Warning:  Undefined array key "confidence" in C:\xampp\htdocs\Thesis-IntelliEgg\webpages\fertility_check.php on line 62
[16-Oct-2024 02:34:08 Europe/Berlin] PHP Warning:  Undefined array key "confidence" in C:\xampp\htdocs\Thesis-IntelliEgg\webpages\fertility_check.php on line 62
[16-Oct-2024 02:34:08 Europe/Berlin] PHP Warning:  Undefined array key "confidence" in C:\xampp\htdocs\Thesis-IntelliEgg\webpages\fertility_check.php on line 62
[16-Oct-2024 02:34:13 Europe/Berlin] PHP Warning:  Undefined array key "confidence" in C:\xampp\htdocs\Thesis-IntelliEgg\webpages\fertility_check.php on line 62
[16-Oct-2024 02:34:13 Europe/Berlin] PHP Warning:  Undefined array key "confidence" in C:\xampp\htdocs\Thesis-IntelliEgg\webpages\fertility_check.php on line 62
[16-Oct-2024 02:34:18 Europe/Berlin] PHP Warning:  Undefined array key "confidence" in C:\xampp\htdocs\Thesis-IntelliEgg\webpages\fertility_check.php on line 62
[16-Oct-2024 02:34:18 Europe/Berlin] PHP Warning:  Undefined array key "confidence" in C:\xampp\htdocs\Thesis-IntelliEgg\webpages\fertility_check.php on line 62
[16-Oct-2024 02:34:23 Europe/Berlin] PHP Warning:  Undefined array key "confidence" in C:\xampp\htdocs\Thesis-IntelliEgg\webpages\fertility_check.php on line 62
[16-Oct-2024 02:34:23 Europe/Berlin] PHP Warning:  Undefined array key "confidence" in C:\xampp\htdocs\Thesis-IntelliEgg\webpages\fertility_check.php on line 62
[16-Oct-2024 02:34:28 Europe/Berlin] PHP Warning:  Undefined array key "confidence" in C:\xampp\htdocs\Thesis-IntelliEgg\webpages\fertility_check.php on line 62
[16-Oct-2024 02:34:28 Europe/Berlin] PHP Warning:  Undefined array key "confidence" in C:\xampp\htdocs\Thesis-IntelliEgg\webpages\fertility_check.php on line 62
[16-Oct-2024 02:34:33 Europe/Berlin] PHP Warning:  Undefined array key "confidence" in C:\xampp\htdocs\Thesis-IntelliEgg\webpages\fertility_check.php on line 62
[16-Oct-2024 02:34:33 Europe/Berlin] PHP Warning:  Undefined array key "confidence" in C:\xampp\htdocs\Thesis-IntelliEgg\webpages\fertility_check.php on line 62
[16-Oct-2024 02:34:38 Europe/Berlin] PHP Warning:  Undefined array key "confidence" in C:\xampp\htdocs\Thesis-IntelliEgg\webpages\fertility_check.php on line 62
[16-Oct-2024 02:34:38 Europe/Berlin] PHP Warning:  Undefined array key "confidence" in C:\xampp\htdocs\Thesis-IntelliEgg\webpages\fertility_check.php on line 62
[16-Oct-2024 02:34:43 Europe/Berlin] PHP Warning:  Undefined array key "confidence" in C:\xampp\htdocs\Thesis-IntelliEgg\webpages\fertility_check.php on line 62
[16-Oct-2024 02:34:43 Europe/Berlin] PHP Warning:  Undefined array key "confidence" in C:\xampp\htdocs\Thesis-IntelliEgg\webpages\fertility_check.php on line 62
[16-Oct-2024 02:34:48 Europe/Berlin] PHP Warning:  Undefined array key "confidence" in C:\xampp\htdocs\Thesis-IntelliEgg\webpages\fertility_check.php on line 62
[16-Oct-2024 02:34:48 Europe/Berlin] PHP Warning:  Undefined array key "confidence" in C:\xampp\htdocs\Thesis-IntelliEgg\webpages\fertility_check.php on line 62
[16-Oct-2024 02:34:53 Europe/Berlin] PHP Warning:  Undefined array key "confidence" in C:\xampp\htdocs\Thesis-IntelliEgg\webpages\fertility_check.php on line 62
[16-Oct-2024 02:34:53 Europe/Berlin] PHP Warning:  Undefined array key "confidence" in C:\xampp\htdocs\Thesis-IntelliEgg\webpages\fertility_check.php on line 62
[16-Oct-2024 02:34:58 Europe/Berlin] PHP Warning:  Undefined array key "confidence" in C:\xampp\htdocs\Thesis-IntelliEgg\webpages\fertility_check.php on line 62
[16-Oct-2024 02:34:58 Europe/Berlin] PHP Warning:  Undefined array key "confidence" in C:\xampp\htdocs\Thesis-IntelliEgg\webpages\fertility_check.php on line 62
[16-Oct-2024 02:35:03 Europe/Berlin] PHP Warning:  Undefined array key "confidence" in C:\xampp\htdocs\Thesis-IntelliEgg\webpages\fertility_check.php on line 62
[16-Oct-2024 02:35:03 Europe/Berlin] PHP Warning:  Undefined array key "confidence" in C:\xampp\htdocs\Thesis-IntelliEgg\webpages\fertility_check.php on line 62
[16-Oct-2024 02:35:08 Europe/Berlin] PHP Warning:  Undefined array key "confidence" in C:\xampp\htdocs\Thesis-IntelliEgg\webpages\fertility_check.php on line 62
[16-Oct-2024 02:35:08 Europe/Berlin] PHP Warning:  Undefined array key "confidence" in C:\xampp\htdocs\Thesis-IntelliEgg\webpages\fertility_check.php on line 62
[16-Oct-2024 02:35:13 Europe/Berlin] PHP Warning:  Undefined array key "confidence" in C:\xampp\htdocs\Thesis-IntelliEgg\webpages\fertility_check.php on line 62
[16-Oct-2024 02:35:13 Europe/Berlin] PHP Warning:  Undefined array key "confidence" in C:\xampp\htdocs\Thesis-IntelliEgg\webpages\fertility_check.php on line 62
[16-Oct-2024 02:35:18 Europe/Berlin] PHP Warning:  Undefined array key "confidence" in C:\xampp\htdocs\Thesis-IntelliEgg\webpages\fertility_check.php on line 62
[16-Oct-2024 02:35:18 Europe/Berlin] PHP Warning:  Undefined array key "confidence" in C:\xampp\htdocs\Thesis-IntelliEgg\webpages\fertility_check.php on line 62
[16-Oct-2024 02:35:23 Europe/Berlin] PHP Warning:  Undefined array key "confidence" in C:\xampp\htdocs\Thesis-IntelliEgg\webpages\fertility_check.php on line 62
[16-Oct-2024 02:35:23 Europe/Berlin] PHP Warning:  Undefined array key "confidence" in C:\xampp\htdocs\Thesis-IntelliEgg\webpages\fertility_check.php on line 62
[16-Oct-2024 02:35:28 Europe/Berlin] PHP Warning:  Undefined array key "confidence" in C:\xampp\htdocs\Thesis-IntelliEgg\webpages\fertility_check.php on line 62
[16-Oct-2024 02:35:28 Europe/Berlin] PHP Warning:  Undefined array key "confidence" in C:\xampp\htdocs\Thesis-IntelliEgg\webpages\fertility_check.php on line 62
[16-Oct-2024 02:35:33 Europe/Berlin] PHP Warning:  Undefined array key "confidence" in C:\xampp\htdocs\Thesis-IntelliEgg\webpages\fertility_check.php on line 62
[16-Oct-2024 02:35:33 Europe/Berlin] PHP Warning:  Undefined array key "confidence" in C:\xampp\htdocs\Thesis-IntelliEgg\webpages\fertility_check.php on line 62
[16-Oct-2024 02:35:38 Europe/Berlin] PHP Warning:  Undefined array key "confidence" in C:\xampp\htdocs\Thesis-IntelliEgg\webpages\fertility_check.php on line 62
[16-Oct-2024 02:35:38 Europe/Berlin] PHP Warning:  Undefined array key "confidence" in C:\xampp\htdocs\Thesis-IntelliEgg\webpages\fertility_check.php on line 62
[16-Oct-2024 02:35:43 Europe/Berlin] PHP Warning:  Undefined array key "confidence" in C:\xampp\htdocs\Thesis-IntelliEgg\webpages\fertility_check.php on line 62
[16-Oct-2024 02:35:43 Europe/Berlin] PHP Warning:  Undefined array key "confidence" in C:\xampp\htdocs\Thesis-IntelliEgg\webpages\fertility_check.php on line 62
[16-Oct-2024 02:35:48 Europe/Berlin] PHP Warning:  Undefined array key "confidence" in C:\xampp\htdocs\Thesis-IntelliEgg\webpages\fertility_check.php on line 62
[16-Oct-2024 02:35:48 Europe/Berlin] PHP Warning:  Undefined array key "confidence" in C:\xampp\htdocs\Thesis-IntelliEgg\webpages\fertility_check.php on line 62
[16-Oct-2024 02:35:53 Europe/Berlin] PHP Warning:  Undefined array key "confidence" in C:\xampp\htdocs\Thesis-IntelliEgg\webpages\fertility_check.php on line 62
[16-Oct-2024 02:35:53 Europe/Berlin] PHP Warning:  Undefined array key "confidence" in C:\xampp\htdocs\Thesis-IntelliEgg\webpages\fertility_check.php on line 62
[16-Oct-2024 02:35:58 Europe/Berlin] PHP Warning:  Undefined array key "confidence" in C:\xampp\htdocs\Thesis-IntelliEgg\webpages\fertility_check.php on line 62
[16-Oct-2024 02:35:58 Europe/Berlin] PHP Warning:  Undefined array key "confidence" in C:\xampp\htdocs\Thesis-IntelliEgg\webpages\fertility_check.php on line 62
[16-Oct-2024 02:36:03 Europe/Berlin] PHP Warning:  Undefined array key "confidence" in C:\xampp\htdocs\Thesis-IntelliEgg\webpages\fertility_check.php on line 62
[16-Oct-2024 02:36:03 Europe/Berlin] PHP Warning:  Undefined array key "confidence" in C:\xampp\htdocs\Thesis-IntelliEgg\webpages\fertility_check.php on line 62
[16-Oct-2024 02:36:08 Europe/Berlin] PHP Warning:  Undefined array key "confidence" in C:\xampp\htdocs\Thesis-IntelliEgg\webpages\fertility_check.php on line 62
[16-Oct-2024 02:36:08 Europe/Berlin] PHP Warning:  Undefined array key "confidence" in C:\xampp\htdocs\Thesis-IntelliEgg\webpages\fertility_check.php on line 62
[16-Oct-2024 02:36:13 Europe/Berlin] PHP Warning:  Undefined array key "confidence" in C:\xampp\htdocs\Thesis-IntelliEgg\webpages\fertility_check.php on line 62
[16-Oct-2024 02:36:13 Europe/Berlin] PHP Warning:  Undefined array key "confidence" in C:\xampp\htdocs\Thesis-IntelliEgg\webpages\fertility_check.php on line 62
[16-Oct-2024 02:36:18 Europe/Berlin] PHP Warning:  Undefined array key "confidence" in C:\xampp\htdocs\Thesis-IntelliEgg\webpages\fertility_check.php on line 62
[16-Oct-2024 02:36:18 Europe/Berlin] PHP Warning:  Undefined array key "confidence" in C:\xampp\htdocs\Thesis-IntelliEgg\webpages\fertility_check.php on line 62
[16-Oct-2024 02:36:23 Europe/Berlin] PHP Warning:  Undefined array key "confidence" in C:\xampp\htdocs\Thesis-IntelliEgg\webpages\fertility_check.php on line 62
[16-Oct-2024 02:36:23 Europe/Berlin] PHP Warning:  Undefined array key "confidence" in C:\xampp\htdocs\Thesis-IntelliEgg\webpages\fertility_check.php on line 62
[16-Oct-2024 02:36:28 Europe/Berlin] PHP Warning:  Undefined array key "confidence" in C:\xampp\htdocs\Thesis-IntelliEgg\webpages\fertility_check.php on line 62
[16-Oct-2024 02:36:28 Europe/Berlin] PHP Warning:  Undefined array key "confidence" in C:\xampp\htdocs\Thesis-IntelliEgg\webpages\fertility_check.php on line 62
[16-Oct-2024 02:36:33 Europe/Berlin] PHP Warning:  Undefined array key "confidence" in C:\xampp\htdocs\Thesis-IntelliEgg\webpages\fertility_check.php on line 62
[16-Oct-2024 02:36:33 Europe/Berlin] PHP Warning:  Undefined array key "confidence" in C:\xampp\htdocs\Thesis-IntelliEgg\webpages\fertility_check.php on line 62
[16-Oct-2024 02:36:38 Europe/Berlin] PHP Warning:  Undefined array key "confidence" in C:\xampp\htdocs\Thesis-IntelliEgg\webpages\fertility_check.php on line 62
[16-Oct-2024 02:36:38 Europe/Berlin] PHP Warning:  Undefined array key "confidence" in C:\xampp\htdocs\Thesis-IntelliEgg\webpages\fertility_check.php on line 62
[16-Oct-2024 02:36:43 Europe/Berlin] PHP Warning:  Undefined array key "confidence" in C:\xampp\htdocs\Thesis-IntelliEgg\webpages\fertility_check.php on line 62
[16-Oct-2024 02:36:43 Europe/Berlin] PHP Warning:  Undefined array key "confidence" in C:\xampp\htdocs\Thesis-IntelliEgg\webpages\fertility_check.php on line 62
[16-Oct-2024 02:36:48 Europe/Berlin] PHP Warning:  Undefined array key "confidence" in C:\xampp\htdocs\Thesis-IntelliEgg\webpages\fertility_check.php on line 62
[16-Oct-2024 02:36:48 Europe/Berlin] PHP Warning:  Undefined array key "confidence" in C:\xampp\htdocs\Thesis-IntelliEgg\webpages\fertility_check.php on line 62
[16-Oct-2024 02:36:53 Europe/Berlin] PHP Warning:  Undefined array key "confidence" in C:\xampp\htdocs\Thesis-IntelliEgg\webpages\fertility_check.php on line 62
[16-Oct-2024 02:36:53 Europe/Berlin] PHP Warning:  Undefined array key "confidence" in C:\xampp\htdocs\Thesis-IntelliEgg\webpages\fertility_check.php on line 62
[16-Oct-2024 02:36:58 Europe/Berlin] PHP Warning:  Undefined array key "confidence" in C:\xampp\htdocs\Thesis-IntelliEgg\webpages\fertility_check.php on line 62
[16-Oct-2024 02:36:58 Europe/Berlin] PHP Warning:  Undefined array key "confidence" in C:\xampp\htdocs\Thesis-IntelliEgg\webpages\fertility_check.php on line 62
[16-Oct-2024 02:37:03 Europe/Berlin] PHP Warning:  Undefined array key "confidence" in C:\xampp\htdocs\Thesis-IntelliEgg\webpages\fertility_check.php on line 62
[16-Oct-2024 02:37:03 Europe/Berlin] PHP Warning:  Undefined array key "confidence" in C:\xampp\htdocs\Thesis-IntelliEgg\webpages\fertility_check.php on line 62
[16-Oct-2024 02:37:08 Europe/Berlin] PHP Warning:  Undefined array key "confidence" in C:\xampp\htdocs\Thesis-IntelliEgg\webpages\fertility_check.php on line 62
[16-Oct-2024 02:37:08 Europe/Berlin] PHP Warning:  Undefined array key "confidence" in C:\xampp\htdocs\Thesis-IntelliEgg\webpages\fertility_check.php on line 62
[16-Oct-2024 02:37:13 Europe/Berlin] PHP Warning:  Undefined array key "confidence" in C:\xampp\htdocs\Thesis-IntelliEgg\webpages\fertility_check.php on line 62
[16-Oct-2024 02:37:13 Europe/Berlin] PHP Warning:  Undefined array key "confidence" in C:\xampp\htdocs\Thesis-IntelliEgg\webpages\fertility_check.php on line 62
[16-Oct-2024 02:37:18 Europe/Berlin] PHP Warning:  Undefined array key "confidence" in C:\xampp\htdocs\Thesis-IntelliEgg\webpages\fertility_check.php on line 62
[16-Oct-2024 02:37:18 Europe/Berlin] PHP Warning:  Undefined array key "confidence" in C:\xampp\htdocs\Thesis-IntelliEgg\webpages\fertility_check.php on line 62
[16-Oct-2024 02:37:22 Europe/Berlin] PHP Warning:  Undefined array key "confidence" in C:\xampp\htdocs\Thesis-IntelliEgg\webpages\fertility_check.php on line 62
[16-Oct-2024 02:37:22 Europe/Berlin] PHP Warning:  Undefined array key "confidence" in C:\xampp\htdocs\Thesis-IntelliEgg\webpages\fertility_check.php on line 62
[16-Oct-2024 02:37:28 Europe/Berlin] PHP Warning:  Undefined array key "confidence" in C:\xampp\htdocs\Thesis-IntelliEgg\webpages\fertility_check.php on line 62
[16-Oct-2024 02:37:28 Europe/Berlin] PHP Warning:  Undefined array key "confidence" in C:\xampp\htdocs\Thesis-IntelliEgg\webpages\fertility_check.php on line 62
[16-Oct-2024 02:37:33 Europe/Berlin] PHP Warning:  Undefined array key "confidence" in C:\xampp\htdocs\Thesis-IntelliEgg\webpages\fertility_check.php on line 62
[16-Oct-2024 02:37:33 Europe/Berlin] PHP Warning:  Undefined array key "confidence" in C:\xampp\htdocs\Thesis-IntelliEgg\webpages\fertility_check.php on line 62
[16-Oct-2024 02:37:38 Europe/Berlin] PHP Warning:  Undefined array key "confidence" in C:\xampp\htdocs\Thesis-IntelliEgg\webpages\fertility_check.php on line 62
[16-Oct-2024 02:37:38 Europe/Berlin] PHP Warning:  Undefined array key "confidence" in C:\xampp\htdocs\Thesis-IntelliEgg\webpages\fertility_check.php on line 62
[16-Oct-2024 02:37:43 Europe/Berlin] PHP Warning:  Undefined array key "confidence" in C:\xampp\htdocs\Thesis-IntelliEgg\webpages\fertility_check.php on line 62
[16-Oct-2024 02:37:43 Europe/Berlin] PHP Warning:  Undefined array key "confidence" in C:\xampp\htdocs\Thesis-IntelliEgg\webpages\fertility_check.php on line 62
[16-Oct-2024 02:37:48 Europe/Berlin] PHP Warning:  Undefined array key "confidence" in C:\xampp\htdocs\Thesis-IntelliEgg\webpages\fertility_check.php on line 62
[16-Oct-2024 02:37:48 Europe/Berlin] PHP Warning:  Undefined array key "confidence" in C:\xampp\htdocs\Thesis-IntelliEgg\webpages\fertility_check.php on line 62
[16-Oct-2024 02:37:53 Europe/Berlin] PHP Warning:  Undefined array key "confidence" in C:\xampp\htdocs\Thesis-IntelliEgg\webpages\fertility_check.php on line 62
[16-Oct-2024 02:37:53 Europe/Berlin] PHP Warning:  Undefined array key "confidence" in C:\xampp\htdocs\Thesis-IntelliEgg\webpages\fertility_check.php on line 62
[16-Oct-2024 02:37:58 Europe/Berlin] PHP Warning:  Undefined array key "confidence" in C:\xampp\htdocs\Thesis-IntelliEgg\webpages\fertility_check.php on line 62
[16-Oct-2024 02:37:58 Europe/Berlin] PHP Warning:  Undefined array key "confidence" in C:\xampp\htdocs\Thesis-IntelliEgg\webpages\fertility_check.php on line 62
[16-Oct-2024 02:38:03 Europe/Berlin] PHP Warning:  Undefined array key "confidence" in C:\xampp\htdocs\Thesis-IntelliEgg\webpages\fertility_check.php on line 62
[16-Oct-2024 02:38:03 Europe/Berlin] PHP Warning:  Undefined array key "confidence" in C:\xampp\htdocs\Thesis-IntelliEgg\webpages\fertility_check.php on line 62
[16-Oct-2024 02:38:08 Europe/Berlin] PHP Warning:  Undefined array key "confidence" in C:\xampp\htdocs\Thesis-IntelliEgg\webpages\fertility_check.php on line 62
[16-Oct-2024 02:38:08 Europe/Berlin] PHP Warning:  Undefined array key "confidence" in C:\xampp\htdocs\Thesis-IntelliEgg\webpages\fertility_check.php on line 62
[16-Oct-2024 02:38:13 Europe/Berlin] PHP Warning:  Undefined array key "confidence" in C:\xampp\htdocs\Thesis-IntelliEgg\webpages\fertility_check.php on line 62
[16-Oct-2024 02:38:13 Europe/Berlin] PHP Warning:  Undefined array key "confidence" in C:\xampp\htdocs\Thesis-IntelliEgg\webpages\fertility_check.php on line 62
[16-Oct-2024 02:38:18 Europe/Berlin] PHP Warning:  Undefined array key "confidence" in C:\xampp\htdocs\Thesis-IntelliEgg\webpages\fertility_check.php on line 62
[16-Oct-2024 02:38:18 Europe/Berlin] PHP Warning:  Undefined array key "confidence" in C:\xampp\htdocs\Thesis-IntelliEgg\webpages\fertility_check.php on line 62
[16-Oct-2024 02:38:23 Europe/Berlin] PHP Warning:  Undefined array key "confidence" in C:\xampp\htdocs\Thesis-IntelliEgg\webpages\fertility_check.php on line 62
[16-Oct-2024 02:38:23 Europe/Berlin] PHP Warning:  Undefined array key "confidence" in C:\xampp\htdocs\Thesis-IntelliEgg\webpages\fertility_check.php on line 62
[16-Oct-2024 02:38:28 Europe/Berlin] PHP Warning:  Undefined array key "confidence" in C:\xampp\htdocs\Thesis-IntelliEgg\webpages\fertility_check.php on line 62
[16-Oct-2024 02:38:28 Europe/Berlin] PHP Warning:  Undefined array key "confidence" in C:\xampp\htdocs\Thesis-IntelliEgg\webpages\fertility_check.php on line 62
[16-Oct-2024 02:38:33 Europe/Berlin] PHP Warning:  Undefined array key "confidence" in C:\xampp\htdocs\Thesis-IntelliEgg\webpages\fertility_check.php on line 62
[16-Oct-2024 02:38:33 Europe/Berlin] PHP Warning:  Undefined array key "confidence" in C:\xampp\htdocs\Thesis-IntelliEgg\webpages\fertility_check.php on line 62
[16-Oct-2024 02:38:38 Europe/Berlin] PHP Warning:  Undefined array key "confidence" in C:\xampp\htdocs\Thesis-IntelliEgg\webpages\fertility_check.php on line 62
[16-Oct-2024 02:38:38 Europe/Berlin] PHP Warning:  Undefined array key "confidence" in C:\xampp\htdocs\Thesis-IntelliEgg\webpages\fertility_check.php on line 62
[16-Oct-2024 02:38:43 Europe/Berlin] PHP Warning:  Undefined array key "confidence" in C:\xampp\htdocs\Thesis-IntelliEgg\webpages\fertility_check.php on line 62
[16-Oct-2024 02:38:43 Europe/Berlin] PHP Warning:  Undefined array key "confidence" in C:\xampp\htdocs\Thesis-IntelliEgg\webpages\fertility_check.php on line 62
[16-Oct-2024 02:38:48 Europe/Berlin] PHP Warning:  Undefined array key "confidence" in C:\xampp\htdocs\Thesis-IntelliEgg\webpages\fertility_check.php on line 62
[16-Oct-2024 02:38:48 Europe/Berlin] PHP Warning:  Undefined array key "confidence" in C:\xampp\htdocs\Thesis-IntelliEgg\webpages\fertility_check.php on line 62
[16-Oct-2024 02:38:53 Europe/Berlin] PHP Warning:  Undefined array key "confidence" in C:\xampp\htdocs\Thesis-IntelliEgg\webpages\fertility_check.php on line 74
[16-Oct-2024 02:38:53 Europe/Berlin] PHP Warning:  Undefined array key "confidence" in C:\xampp\htdocs\Thesis-IntelliEgg\webpages\fertility_check.php on line 74
[16-Oct-2024 02:38:58 Europe/Berlin] PHP Warning:  Undefined array key "confidence" in C:\xampp\htdocs\Thesis-IntelliEgg\webpages\fertility_check.php on line 74
[16-Oct-2024 02:38:58 Europe/Berlin] PHP Warning:  Undefined array key "confidence" in C:\xampp\htdocs\Thesis-IntelliEgg\webpages\fertility_check.php on line 74
[16-Oct-2024 02:39:03 Europe/Berlin] PHP Warning:  Undefined array key "confidence" in C:\xampp\htdocs\Thesis-IntelliEgg\webpages\fertility_check.php on line 74
[16-Oct-2024 02:39:03 Europe/Berlin] PHP Warning:  Undefined array key "confidence" in C:\xampp\htdocs\Thesis-IntelliEgg\webpages\fertility_check.php on line 74
[16-Oct-2024 02:39:08 Europe/Berlin] PHP Warning:  Undefined array key "confidence" in C:\xampp\htdocs\Thesis-IntelliEgg\webpages\fertility_check.php on line 74
[16-Oct-2024 02:39:08 Europe/Berlin] Database error: SQLSTATE[42S02]: Base table or view not found: 1146 Table 'intelliegg.fertility_results' doesn't exist
[16-Oct-2024 02:39:13 Europe/Berlin] PHP Warning:  Undefined array key "confidence" in C:\xampp\htdocs\Thesis-IntelliEgg\webpages\fertility_check.php on line 74
[16-Oct-2024 02:39:13 Europe/Berlin] Database error: SQLSTATE[42S02]: Base table or view not found: 1146 Table 'intelliegg.fertility_results' doesn't exist
[16-Oct-2024 02:39:18 Europe/Berlin] PHP Warning:  Undefined array key "confidence" in C:\xampp\htdocs\Thesis-IntelliEgg\webpages\fertility_check.php on line 74
[16-Oct-2024 02:39:18 Europe/Berlin] PHP Warning:  Undefined array key "confidence" in C:\xampp\htdocs\Thesis-IntelliEgg\webpages\fertility_check.php on line 74
[16-Oct-2024 02:39:23 Europe/Berlin] PHP Warning:  Undefined array key "confidence" in C:\xampp\htdocs\Thesis-IntelliEgg\webpages\fertility_check.php on line 74
[16-Oct-2024 02:39:23 Europe/Berlin] PHP Warning:  Undefined array key "confidence" in C:\xampp\htdocs\Thesis-IntelliEgg\webpages\fertility_check.php on line 74
[16-Oct-2024 02:39:28 Europe/Berlin] PHP Warning:  Undefined array key "confidence" in C:\xampp\htdocs\Thesis-IntelliEgg\webpages\fertility_check.php on line 74
[16-Oct-2024 02:39:28 Europe/Berlin] PHP Warning:  Undefined array key "confidence" in C:\xampp\htdocs\Thesis-IntelliEgg\webpages\fertility_check.php on line 74
[16-Oct-2024 02:39:33 Europe/Berlin] PHP Warning:  Undefined array key "confidence" in C:\xampp\htdocs\Thesis-IntelliEgg\webpages\fertility_check.php on line 74
[16-Oct-2024 02:39:33 Europe/Berlin] PHP Warning:  Undefined array key "confidence" in C:\xampp\htdocs\Thesis-IntelliEgg\webpages\fertility_check.php on line 74
[16-Oct-2024 02:39:38 Europe/Berlin] PHP Warning:  Undefined array key "confidence" in C:\xampp\htdocs\Thesis-IntelliEgg\webpages\fertility_check.php on line 74
[16-Oct-2024 02:39:38 Europe/Berlin] PHP Warning:  Undefined array key "confidence" in C:\xampp\htdocs\Thesis-IntelliEgg\webpages\fertility_check.php on line 74
[16-Oct-2024 02:39:43 Europe/Berlin] PHP Warning:  Undefined array key "confidence" in C:\xampp\htdocs\Thesis-IntelliEgg\webpages\fertility_check.php on line 74
[16-Oct-2024 02:39:43 Europe/Berlin] PHP Warning:  Undefined array key "confidence" in C:\xampp\htdocs\Thesis-IntelliEgg\webpages\fertility_check.php on line 74
[16-Oct-2024 02:39:48 Europe/Berlin] PHP Warning:  Undefined array key "confidence" in C:\xampp\htdocs\Thesis-IntelliEgg\webpages\fertility_check.php on line 74
[16-Oct-2024 02:39:48 Europe/Berlin] PHP Warning:  Undefined array key "confidence" in C:\xampp\htdocs\Thesis-IntelliEgg\webpages\fertility_check.php on line 74
[16-Oct-2024 02:39:53 Europe/Berlin] PHP Warning:  Undefined array key "confidence" in C:\xampp\htdocs\Thesis-IntelliEgg\webpages\fertility_check.php on line 74
[16-Oct-2024 02:39:53 Europe/Berlin] PHP Warning:  Undefined array key "confidence" in C:\xampp\htdocs\Thesis-IntelliEgg\webpages\fertility_check.php on line 74
[16-Oct-2024 02:39:58 Europe/Berlin] PHP Warning:  Undefined array key "confidence" in C:\xampp\htdocs\Thesis-IntelliEgg\webpages\fertility_check.php on line 74
[16-Oct-2024 02:39:58 Europe/Berlin] PHP Warning:  Undefined array key "confidence" in C:\xampp\htdocs\Thesis-IntelliEgg\webpages\fertility_check.php on line 74
[16-Oct-2024 02:40:03 Europe/Berlin] PHP Warning:  Undefined array key "confidence" in C:\xampp\htdocs\Thesis-IntelliEgg\webpages\fertility_check.php on line 74
[16-Oct-2024 02:40:03 Europe/Berlin] PHP Warning:  Undefined array key "confidence" in C:\xampp\htdocs\Thesis-IntelliEgg\webpages\fertility_check.php on line 74
[16-Oct-2024 02:40:08 Europe/Berlin] PHP Warning:  Undefined array key "confidence" in C:\xampp\htdocs\Thesis-IntelliEgg\webpages\fertility_check.php on line 74
[16-Oct-2024 02:40:08 Europe/Berlin] PHP Warning:  Undefined array key "confidence" in C:\xampp\htdocs\Thesis-IntelliEgg\webpages\fertility_check.php on line 74
[16-Oct-2024 02:40:13 Europe/Berlin] PHP Warning:  Undefined array key "confidence" in C:\xampp\htdocs\Thesis-IntelliEgg\webpages\fertility_check.php on line 74
[16-Oct-2024 02:40:13 Europe/Berlin] PHP Warning:  Undefined array key "confidence" in C:\xampp\htdocs\Thesis-IntelliEgg\webpages\fertility_check.php on line 74
[16-Oct-2024 02:40:18 Europe/Berlin] PHP Warning:  Undefined array key "confidence" in C:\xampp\htdocs\Thesis-IntelliEgg\webpages\fertility_check.php on line 74
[16-Oct-2024 02:40:18 Europe/Berlin] PHP Warning:  Undefined array key "confidence" in C:\xampp\htdocs\Thesis-IntelliEgg\webpages\fertility_check.php on line 74
[16-Oct-2024 02:40:23 Europe/Berlin] PHP Warning:  Undefined array key "confidence" in C:\xampp\htdocs\Thesis-IntelliEgg\webpages\fertility_check.php on line 74
[16-Oct-2024 02:40:23 Europe/Berlin] PHP Warning:  Undefined array key "confidence" in C:\xampp\htdocs\Thesis-IntelliEgg\webpages\fertility_check.php on line 74
[16-Oct-2024 02:40:28 Europe/Berlin] PHP Warning:  Undefined array key "confidence" in C:\xampp\htdocs\Thesis-IntelliEgg\webpages\fertility_check.php on line 74
[16-Oct-2024 02:40:28 Europe/Berlin] PHP Warning:  Undefined array key "confidence" in C:\xampp\htdocs\Thesis-IntelliEgg\webpages\fertility_check.php on line 74
[16-Oct-2024 02:41:03 Europe/Berlin] PHP Warning:  Undefined array key "confidence" in C:\xampp\htdocs\Thesis-IntelliEgg\webpages\fertility_check.php on line 74
[16-Oct-2024 02:41:03 Europe/Berlin] PHP Warning:  Undefined array key "confidence" in C:\xampp\htdocs\Thesis-IntelliEgg\webpages\fertility_check.php on line 74
[16-Oct-2024 02:41:04 Europe/Berlin] PHP Warning:  Undefined array key "confidence" in C:\xampp\htdocs\Thesis-IntelliEgg\webpages\fertility_check.php on line 74
[16-Oct-2024 02:41:04 Europe/Berlin] PHP Warning:  Undefined array key "confidence" in C:\xampp\htdocs\Thesis-IntelliEgg\webpages\fertility_check.php on line 74
[16-Oct-2024 02:41:05 Europe/Berlin] PHP Warning:  Undefined array key "confidence" in C:\xampp\htdocs\Thesis-IntelliEgg\webpages\fertility_check.php on line 74
[16-Oct-2024 02:41:05 Europe/Berlin] PHP Warning:  Undefined array key "confidence" in C:\xampp\htdocs\Thesis-IntelliEgg\webpages\fertility_check.php on line 74
[16-Oct-2024 02:41:05 Europe/Berlin] PHP Warning:  Undefined array key "confidence" in C:\xampp\htdocs\Thesis-IntelliEgg\webpages\fertility_check.php on line 74
[16-Oct-2024 02:41:05 Europe/Berlin] PHP Warning:  Undefined array key "confidence" in C:\xampp\htdocs\Thesis-IntelliEgg\webpages\fertility_check.php on line 74
[16-Oct-2024 02:41:06 Europe/Berlin] PHP Warning:  Undefined array key "confidence" in C:\xampp\htdocs\Thesis-IntelliEgg\webpages\fertility_check.php on line 74
[16-Oct-2024 02:41:06 Europe/Berlin] PHP Warning:  Undefined array key "confidence" in C:\xampp\htdocs\Thesis-IntelliEgg\webpages\fertility_check.php on line 74
[16-Oct-2024 02:41:08 Europe/Berlin] PHP Warning:  Undefined array key "confidence" in C:\xampp\htdocs\Thesis-IntelliEgg\webpages\fertility_check.php on line 74
[16-Oct-2024 02:41:08 Europe/Berlin] PHP Warning:  Undefined array key "confidence" in C:\xampp\htdocs\Thesis-IntelliEgg\webpages\fertility_check.php on line 74
[16-Oct-2024 02:41:13 Europe/Berlin] PHP Warning:  Undefined array key "confidence" in C:\xampp\htdocs\Thesis-IntelliEgg\webpages\fertility_check.php on line 74
[16-Oct-2024 02:41:13 Europe/Berlin] PHP Warning:  Undefined array key "confidence" in C:\xampp\htdocs\Thesis-IntelliEgg\webpages\fertility_check.php on line 74
[16-Oct-2024 02:41:18 Europe/Berlin] PHP Warning:  Undefined array key "confidence" in C:\xampp\htdocs\Thesis-IntelliEgg\webpages\fertility_check.php on line 74
[16-Oct-2024 02:41:18 Europe/Berlin] PHP Warning:  Undefined array key "confidence" in C:\xampp\htdocs\Thesis-IntelliEgg\webpages\fertility_check.php on line 74
[16-Oct-2024 02:41:23 Europe/Berlin] PHP Warning:  Undefined array key "confidence" in C:\xampp\htdocs\Thesis-IntelliEgg\webpages\fertility_check.php on line 74
[16-Oct-2024 02:41:23 Europe/Berlin] PHP Warning:  Undefined array key "confidence" in C:\xampp\htdocs\Thesis-IntelliEgg\webpages\fertility_check.php on line 74
[16-Oct-2024 02:41:28 Europe/Berlin] PHP Warning:  Undefined array key "confidence" in C:\xampp\htdocs\Thesis-IntelliEgg\webpages\fertility_check.php on line 74
[16-Oct-2024 02:41:28 Europe/Berlin] PHP Warning:  Undefined array key "confidence" in C:\xampp\htdocs\Thesis-IntelliEgg\webpages\fertility_check.php on line 74
[16-Oct-2024 02:41:32 Europe/Berlin] PHP Warning:  Undefined array key "confidence" in C:\xampp\htdocs\Thesis-IntelliEgg\webpages\fertility_check.php on line 74
[16-Oct-2024 02:41:32 Europe/Berlin] PHP Warning:  Undefined array key "confidence" in C:\xampp\htdocs\Thesis-IntelliEgg\webpages\fertility_check.php on line 74
[16-Oct-2024 02:41:38 Europe/Berlin] PHP Warning:  Undefined array key "confidence" in C:\xampp\htdocs\Thesis-IntelliEgg\webpages\fertility_check.php on line 74
[16-Oct-2024 02:41:38 Europe/Berlin] PHP Warning:  Undefined array key "confidence" in C:\xampp\htdocs\Thesis-IntelliEgg\webpages\fertility_check.php on line 74
[16-Oct-2024 02:41:43 Europe/Berlin] PHP Warning:  Undefined array key "confidence" in C:\xampp\htdocs\Thesis-IntelliEgg\webpages\fertility_check.php on line 74
[16-Oct-2024 02:41:43 Europe/Berlin] PHP Warning:  Undefined array key "confidence" in C:\xampp\htdocs\Thesis-IntelliEgg\webpages\fertility_check.php on line 74
[16-Oct-2024 02:41:49 Europe/Berlin] PHP Warning:  Undefined array key "confidence" in C:\xampp\htdocs\Thesis-IntelliEgg\webpages\fertility_check.php on line 74
[16-Oct-2024 02:41:49 Europe/Berlin] PHP Warning:  Undefined array key "confidence" in C:\xampp\htdocs\Thesis-IntelliEgg\webpages\fertility_check.php on line 74
[16-Oct-2024 02:41:53 Europe/Berlin] PHP Warning:  Undefined array key "confidence" in C:\xampp\htdocs\Thesis-IntelliEgg\webpages\fertility_check.php on line 74
[16-Oct-2024 02:41:53 Europe/Berlin] PHP Warning:  Undefined array key "confidence" in C:\xampp\htdocs\Thesis-IntelliEgg\webpages\fertility_check.php on line 74
[16-Oct-2024 02:41:58 Europe/Berlin] PHP Warning:  Undefined array key "confidence" in C:\xampp\htdocs\Thesis-IntelliEgg\webpages\fertility_check.php on line 74
[16-Oct-2024 02:41:58 Europe/Berlin] PHP Warning:  Undefined array key "confidence" in C:\xampp\htdocs\Thesis-IntelliEgg\webpages\fertility_check.php on line 74
[16-Oct-2024 02:42:03 Europe/Berlin] PHP Warning:  Undefined array key "confidence" in C:\xampp\htdocs\Thesis-IntelliEgg\webpages\fertility_check.php on line 74
[16-Oct-2024 02:42:03 Europe/Berlin] PHP Warning:  Undefined array key "confidence" in C:\xampp\htdocs\Thesis-IntelliEgg\webpages\fertility_check.php on line 74
[16-Oct-2024 02:42:08 Europe/Berlin] PHP Warning:  Undefined array key "confidence" in C:\xampp\htdocs\Thesis-IntelliEgg\webpages\fertility_check.php on line 74
[16-Oct-2024 02:42:08 Europe/Berlin] PHP Warning:  Undefined array key "confidence" in C:\xampp\htdocs\Thesis-IntelliEgg\webpages\fertility_check.php on line 74
[16-Oct-2024 02:42:13 Europe/Berlin] PHP Warning:  Undefined array key "confidence" in C:\xampp\htdocs\Thesis-IntelliEgg\webpages\fertility_check.php on line 74
[16-Oct-2024 02:42:13 Europe/Berlin] PHP Warning:  Undefined array key "confidence" in C:\xampp\htdocs\Thesis-IntelliEgg\webpages\fertility_check.php on line 74
[16-Oct-2024 02:42:18 Europe/Berlin] PHP Warning:  Undefined array key "confidence" in C:\xampp\htdocs\Thesis-IntelliEgg\webpages\fertility_check.php on line 74
[16-Oct-2024 02:42:18 Europe/Berlin] PHP Warning:  Undefined array key "confidence" in C:\xampp\htdocs\Thesis-IntelliEgg\webpages\fertility_check.php on line 74
[16-Oct-2024 02:42:23 Europe/Berlin] PHP Warning:  Undefined array key "confidence" in C:\xampp\htdocs\Thesis-IntelliEgg\webpages\fertility_check.php on line 74
[16-Oct-2024 02:42:23 Europe/Berlin] PHP Warning:  Undefined array key "confidence" in C:\xampp\htdocs\Thesis-IntelliEgg\webpages\fertility_check.php on line 74
[16-Oct-2024 02:42:28 Europe/Berlin] PHP Warning:  Undefined array key "confidence" in C:\xampp\htdocs\Thesis-IntelliEgg\webpages\fertility_check.php on line 74
[16-Oct-2024 02:42:28 Europe/Berlin] PHP Warning:  Undefined array key "confidence" in C:\xampp\htdocs\Thesis-IntelliEgg\webpages\fertility_check.php on line 74
[16-Oct-2024 02:42:33 Europe/Berlin] PHP Warning:  Undefined array key "confidence" in C:\xampp\htdocs\Thesis-IntelliEgg\webpages\fertility_check.php on line 74
[16-Oct-2024 02:42:33 Europe/Berlin] PHP Warning:  Undefined array key "confidence" in C:\xampp\htdocs\Thesis-IntelliEgg\webpages\fertility_check.php on line 74
[16-Oct-2024 02:42:38 Europe/Berlin] PHP Warning:  Undefined array key "confidence" in C:\xampp\htdocs\Thesis-IntelliEgg\webpages\fertility_check.php on line 74
[16-Oct-2024 02:42:38 Europe/Berlin] PHP Warning:  Undefined array key "confidence" in C:\xampp\htdocs\Thesis-IntelliEgg\webpages\fertility_check.php on line 74
[16-Oct-2024 02:42:43 Europe/Berlin] PHP Warning:  Undefined array key "confidence" in C:\xampp\htdocs\Thesis-IntelliEgg\webpages\fertility_check.php on line 74
[16-Oct-2024 02:42:43 Europe/Berlin] PHP Warning:  Undefined array key "confidence" in C:\xampp\htdocs\Thesis-IntelliEgg\webpages\fertility_check.php on line 74
[16-Oct-2024 02:42:48 Europe/Berlin] PHP Warning:  Undefined array key "confidence" in C:\xampp\htdocs\Thesis-IntelliEgg\webpages\fertility_check.php on line 74
[16-Oct-2024 02:42:48 Europe/Berlin] PHP Warning:  Undefined array key "confidence" in C:\xampp\htdocs\Thesis-IntelliEgg\webpages\fertility_check.php on line 74
[16-Oct-2024 02:42:53 Europe/Berlin] PHP Warning:  Undefined array key "confidence" in C:\xampp\htdocs\Thesis-IntelliEgg\webpages\fertility_check.php on line 74
[16-Oct-2024 02:42:53 Europe/Berlin] PHP Warning:  Undefined array key "confidence" in C:\xampp\htdocs\Thesis-IntelliEgg\webpages\fertility_check.php on line 74
[16-Oct-2024 02:42:58 Europe/Berlin] PHP Warning:  Undefined array key "confidence" in C:\xampp\htdocs\Thesis-IntelliEgg\webpages\fertility_check.php on line 74
[16-Oct-2024 02:42:58 Europe/Berlin] PHP Warning:  Undefined array key "confidence" in C:\xampp\htdocs\Thesis-IntelliEgg\webpages\fertility_check.php on line 74
[16-Oct-2024 02:43:04 Europe/Berlin] PHP Warning:  Undefined array key "confidence" in C:\xampp\htdocs\Thesis-IntelliEgg\webpages\fertility_check.php on line 74
[16-Oct-2024 02:43:04 Europe/Berlin] PHP Warning:  Undefined array key "confidence" in C:\xampp\htdocs\Thesis-IntelliEgg\webpages\fertility_check.php on line 74
[16-Oct-2024 02:43:08 Europe/Berlin] PHP Warning:  Undefined array key "confidence" in C:\xampp\htdocs\Thesis-IntelliEgg\webpages\fertility_check.php on line 74
[16-Oct-2024 02:43:08 Europe/Berlin] PHP Warning:  Undefined array key "confidence" in C:\xampp\htdocs\Thesis-IntelliEgg\webpages\fertility_check.php on line 74
[16-Oct-2024 02:43:13 Europe/Berlin] PHP Warning:  Undefined array key "confidence" in C:\xampp\htdocs\Thesis-IntelliEgg\webpages\fertility_check.php on line 74
[16-Oct-2024 02:43:13 Europe/Berlin] PHP Warning:  Undefined array key "confidence" in C:\xampp\htdocs\Thesis-IntelliEgg\webpages\fertility_check.php on line 74
[16-Oct-2024 02:43:18 Europe/Berlin] PHP Warning:  Undefined array key "confidence" in C:\xampp\htdocs\Thesis-IntelliEgg\webpages\fertility_check.php on line 74
[16-Oct-2024 02:43:18 Europe/Berlin] PHP Warning:  Undefined array key "confidence" in C:\xampp\htdocs\Thesis-IntelliEgg\webpages\fertility_check.php on line 74
[16-Oct-2024 02:43:23 Europe/Berlin] PHP Warning:  Undefined array key "confidence" in C:\xampp\htdocs\Thesis-IntelliEgg\webpages\fertility_check.php on line 74
[16-Oct-2024 02:43:23 Europe/Berlin] PHP Warning:  Undefined array key "confidence" in C:\xampp\htdocs\Thesis-IntelliEgg\webpages\fertility_check.php on line 74
[16-Oct-2024 02:43:28 Europe/Berlin] PHP Warning:  Undefined array key "confidence" in C:\xampp\htdocs\Thesis-IntelliEgg\webpages\fertility_check.php on line 74
[16-Oct-2024 02:43:28 Europe/Berlin] PHP Warning:  Undefined array key "confidence" in C:\xampp\htdocs\Thesis-IntelliEgg\webpages\fertility_check.php on line 74
[16-Oct-2024 02:43:33 Europe/Berlin] PHP Warning:  Undefined array key "confidence" in C:\xampp\htdocs\Thesis-IntelliEgg\webpages\fertility_check.php on line 74
[16-Oct-2024 02:43:33 Europe/Berlin] PHP Warning:  Undefined array key "confidence" in C:\xampp\htdocs\Thesis-IntelliEgg\webpages\fertility_check.php on line 74
[16-Oct-2024 02:43:38 Europe/Berlin] PHP Warning:  Undefined array key "confidence" in C:\xampp\htdocs\Thesis-IntelliEgg\webpages\fertility_check.php on line 74
[16-Oct-2024 02:43:38 Europe/Berlin] PHP Warning:  Undefined array key "confidence" in C:\xampp\htdocs\Thesis-IntelliEgg\webpages\fertility_check.php on line 74
[16-Oct-2024 02:43:43 Europe/Berlin] PHP Warning:  Undefined array key "confidence" in C:\xampp\htdocs\Thesis-IntelliEgg\webpages\fertility_check.php on line 74
[16-Oct-2024 02:43:43 Europe/Berlin] PHP Warning:  Undefined array key "confidence" in C:\xampp\htdocs\Thesis-IntelliEgg\webpages\fertility_check.php on line 74
[16-Oct-2024 02:43:48 Europe/Berlin] PHP Warning:  Undefined array key "confidence" in C:\xampp\htdocs\Thesis-IntelliEgg\webpages\fertility_check.php on line 74
[16-Oct-2024 02:43:48 Europe/Berlin] PHP Warning:  Undefined array key "confidence" in C:\xampp\htdocs\Thesis-IntelliEgg\webpages\fertility_check.php on line 74
[16-Oct-2024 02:43:53 Europe/Berlin] PHP Warning:  Undefined array key "confidence" in C:\xampp\htdocs\Thesis-IntelliEgg\webpages\fertility_check.php on line 74
[16-Oct-2024 02:43:53 Europe/Berlin] PHP Warning:  Undefined array key "confidence" in C:\xampp\htdocs\Thesis-IntelliEgg\webpages\fertility_check.php on line 74
[16-Oct-2024 02:43:58 Europe/Berlin] PHP Warning:  Undefined array key "confidence" in C:\xampp\htdocs\Thesis-IntelliEgg\webpages\fertility_check.php on line 74
[16-Oct-2024 02:43:58 Europe/Berlin] PHP Warning:  Undefined array key "confidence" in C:\xampp\htdocs\Thesis-IntelliEgg\webpages\fertility_check.php on line 74
[16-Oct-2024 02:44:03 Europe/Berlin] PHP Warning:  Undefined array key "confidence" in C:\xampp\htdocs\Thesis-IntelliEgg\webpages\fertility_check.php on line 74
[16-Oct-2024 02:44:03 Europe/Berlin] PHP Warning:  Undefined array key "confidence" in C:\xampp\htdocs\Thesis-IntelliEgg\webpages\fertility_check.php on line 74
[16-Oct-2024 02:44:08 Europe/Berlin] PHP Warning:  Undefined array key "confidence" in C:\xampp\htdocs\Thesis-IntelliEgg\webpages\fertility_check.php on line 74
[16-Oct-2024 02:44:08 Europe/Berlin] PHP Warning:  Undefined array key "confidence" in C:\xampp\htdocs\Thesis-IntelliEgg\webpages\fertility_check.php on line 74
[16-Oct-2024 02:44:13 Europe/Berlin] PHP Warning:  Undefined array key "confidence" in C:\xampp\htdocs\Thesis-IntelliEgg\webpages\fertility_check.php on line 74
[16-Oct-2024 02:44:13 Europe/Berlin] PHP Warning:  Undefined array key "confidence" in C:\xampp\htdocs\Thesis-IntelliEgg\webpages\fertility_check.php on line 74
[16-Oct-2024 02:44:18 Europe/Berlin] PHP Warning:  Undefined array key "confidence" in C:\xampp\htdocs\Thesis-IntelliEgg\webpages\fertility_check.php on line 74
[16-Oct-2024 02:44:18 Europe/Berlin] PHP Warning:  Undefined array key "confidence" in C:\xampp\htdocs\Thesis-IntelliEgg\webpages\fertility_check.php on line 74
[16-Oct-2024 02:44:23 Europe/Berlin] PHP Warning:  Undefined array key "confidence" in C:\xampp\htdocs\Thesis-IntelliEgg\webpages\fertility_check.php on line 74
[16-Oct-2024 02:44:23 Europe/Berlin] PHP Warning:  Undefined array key "confidence" in C:\xampp\htdocs\Thesis-IntelliEgg\webpages\fertility_check.php on line 74
[16-Oct-2024 02:44:28 Europe/Berlin] PHP Warning:  Undefined array key "confidence" in C:\xampp\htdocs\Thesis-IntelliEgg\webpages\fertility_check.php on line 74
[16-Oct-2024 02:44:28 Europe/Berlin] PHP Warning:  Undefined array key "confidence" in C:\xampp\htdocs\Thesis-IntelliEgg\webpages\fertility_check.php on line 74
[16-Oct-2024 02:44:33 Europe/Berlin] PHP Warning:  Undefined array key "confidence" in C:\xampp\htdocs\Thesis-IntelliEgg\webpages\fertility_check.php on line 74
[16-Oct-2024 02:44:33 Europe/Berlin] PHP Warning:  Undefined array key "confidence" in C:\xampp\htdocs\Thesis-IntelliEgg\webpages\fertility_check.php on line 74
[16-Oct-2024 02:44:38 Europe/Berlin] PHP Warning:  Undefined array key "confidence" in C:\xampp\htdocs\Thesis-IntelliEgg\webpages\fertility_check.php on line 74
[16-Oct-2024 02:44:38 Europe/Berlin] PHP Warning:  Undefined array key "confidence" in C:\xampp\htdocs\Thesis-IntelliEgg\webpages\fertility_check.php on line 74
[16-Oct-2024 02:44:43 Europe/Berlin] PHP Warning:  Undefined array key "confidence" in C:\xampp\htdocs\Thesis-IntelliEgg\webpages\fertility_check.php on line 74
[16-Oct-2024 02:44:43 Europe/Berlin] PHP Warning:  Undefined array key "confidence" in C:\xampp\htdocs\Thesis-IntelliEgg\webpages\fertility_check.php on line 74
[16-Oct-2024 02:44:48 Europe/Berlin] PHP Warning:  Undefined array key "confidence" in C:\xampp\htdocs\Thesis-IntelliEgg\webpages\fertility_check.php on line 74
[16-Oct-2024 02:44:48 Europe/Berlin] PHP Warning:  Undefined array key "confidence" in C:\xampp\htdocs\Thesis-IntelliEgg\webpages\fertility_check.php on line 74
[16-Oct-2024 02:44:53 Europe/Berlin] PHP Warning:  Undefined array key "confidence" in C:\xampp\htdocs\Thesis-IntelliEgg\webpages\fertility_check.php on line 74
[16-Oct-2024 02:44:53 Europe/Berlin] PHP Warning:  Undefined array key "confidence" in C:\xampp\htdocs\Thesis-IntelliEgg\webpages\fertility_check.php on line 74
[16-Oct-2024 02:44:58 Europe/Berlin] PHP Warning:  Undefined array key "confidence" in C:\xampp\htdocs\Thesis-IntelliEgg\webpages\fertility_check.php on line 74
[16-Oct-2024 02:44:58 Europe/Berlin] PHP Warning:  Undefined array key "confidence" in C:\xampp\htdocs\Thesis-IntelliEgg\webpages\fertility_check.php on line 74
[16-Oct-2024 02:45:03 Europe/Berlin] PHP Warning:  Undefined array key "confidence" in C:\xampp\htdocs\Thesis-IntelliEgg\webpages\fertility_check.php on line 74
[16-Oct-2024 02:45:03 Europe/Berlin] PHP Warning:  Undefined array key "confidence" in C:\xampp\htdocs\Thesis-IntelliEgg\webpages\fertility_check.php on line 74
[16-Oct-2024 02:45:08 Europe/Berlin] PHP Warning:  Undefined array key "confidence" in C:\xampp\htdocs\Thesis-IntelliEgg\webpages\fertility_check.php on line 74
[16-Oct-2024 02:45:08 Europe/Berlin] PHP Warning:  Undefined array key "confidence" in C:\xampp\htdocs\Thesis-IntelliEgg\webpages\fertility_check.php on line 74
[16-Oct-2024 02:45:13 Europe/Berlin] PHP Warning:  Undefined array key "confidence" in C:\xampp\htdocs\Thesis-IntelliEgg\webpages\fertility_check.php on line 74
[16-Oct-2024 02:45:13 Europe/Berlin] PHP Warning:  Undefined array key "confidence" in C:\xampp\htdocs\Thesis-IntelliEgg\webpages\fertility_check.php on line 74
[16-Oct-2024 02:45:18 Europe/Berlin] PHP Warning:  Undefined array key "confidence" in C:\xampp\htdocs\Thesis-IntelliEgg\webpages\fertility_check.php on line 74
[16-Oct-2024 02:45:18 Europe/Berlin] PHP Warning:  Undefined array key "confidence" in C:\xampp\htdocs\Thesis-IntelliEgg\webpages\fertility_check.php on line 74
[16-Oct-2024 02:45:23 Europe/Berlin] PHP Warning:  Undefined array key "confidence" in C:\xampp\htdocs\Thesis-IntelliEgg\webpages\fertility_check.php on line 74
[16-Oct-2024 02:45:23 Europe/Berlin] PHP Warning:  Undefined array key "confidence" in C:\xampp\htdocs\Thesis-IntelliEgg\webpages\fertility_check.php on line 74
[16-Oct-2024 02:45:28 Europe/Berlin] PHP Warning:  Undefined array key "confidence" in C:\xampp\htdocs\Thesis-IntelliEgg\webpages\fertility_check.php on line 74
[16-Oct-2024 02:45:28 Europe/Berlin] PHP Warning:  Undefined array key "confidence" in C:\xampp\htdocs\Thesis-IntelliEgg\webpages\fertility_check.php on line 74
[16-Oct-2024 02:45:33 Europe/Berlin] PHP Warning:  Undefined array key "confidence" in C:\xampp\htdocs\Thesis-IntelliEgg\webpages\fertility_check.php on line 74
[16-Oct-2024 02:45:33 Europe/Berlin] PHP Warning:  Undefined array key "confidence" in C:\xampp\htdocs\Thesis-IntelliEgg\webpages\fertility_check.php on line 74
[16-Oct-2024 02:45:38 Europe/Berlin] PHP Warning:  Undefined array key "confidence" in C:\xampp\htdocs\Thesis-IntelliEgg\webpages\fertility_check.php on line 74
[16-Oct-2024 02:45:38 Europe/Berlin] PHP Warning:  Undefined array key "confidence" in C:\xampp\htdocs\Thesis-IntelliEgg\webpages\fertility_check.php on line 74
[16-Oct-2024 02:45:43 Europe/Berlin] PHP Warning:  Undefined array key "confidence" in C:\xampp\htdocs\Thesis-IntelliEgg\webpages\fertility_check.php on line 74
[16-Oct-2024 02:45:43 Europe/Berlin] PHP Warning:  Undefined array key "confidence" in C:\xampp\htdocs\Thesis-IntelliEgg\webpages\fertility_check.php on line 74
[16-Oct-2024 02:45:48 Europe/Berlin] PHP Warning:  Undefined array key "confidence" in C:\xampp\htdocs\Thesis-IntelliEgg\webpages\fertility_check.php on line 74
[16-Oct-2024 02:45:48 Europe/Berlin] PHP Warning:  Undefined array key "confidence" in C:\xampp\htdocs\Thesis-IntelliEgg\webpages\fertility_check.php on line 74
[16-Oct-2024 02:45:53 Europe/Berlin] PHP Warning:  Undefined array key "confidence" in C:\xampp\htdocs\Thesis-IntelliEgg\webpages\fertility_check.php on line 74
[16-Oct-2024 02:45:53 Europe/Berlin] PHP Warning:  Undefined array key "confidence" in C:\xampp\htdocs\Thesis-IntelliEgg\webpages\fertility_check.php on line 74
[16-Oct-2024 02:45:58 Europe/Berlin] PHP Warning:  Undefined array key "confidence" in C:\xampp\htdocs\Thesis-IntelliEgg\webpages\fertility_check.php on line 74
[16-Oct-2024 02:45:58 Europe/Berlin] PHP Warning:  Undefined array key "confidence" in C:\xampp\htdocs\Thesis-IntelliEgg\webpages\fertility_check.php on line 74
[16-Oct-2024 02:46:03 Europe/Berlin] PHP Warning:  Undefined array key "confidence" in C:\xampp\htdocs\Thesis-IntelliEgg\webpages\fertility_check.php on line 74
[16-Oct-2024 02:46:03 Europe/Berlin] PHP Warning:  Undefined array key "confidence" in C:\xampp\htdocs\Thesis-IntelliEgg\webpages\fertility_check.php on line 74
[16-Oct-2024 02:46:08 Europe/Berlin] PHP Warning:  Undefined array key "confidence" in C:\xampp\htdocs\Thesis-IntelliEgg\webpages\fertility_check.php on line 74
[16-Oct-2024 02:46:08 Europe/Berlin] PHP Warning:  Undefined array key "confidence" in C:\xampp\htdocs\Thesis-IntelliEgg\webpages\fertility_check.php on line 74
[16-Oct-2024 02:46:13 Europe/Berlin] PHP Warning:  Undefined array key "confidence" in C:\xampp\htdocs\Thesis-IntelliEgg\webpages\fertility_check.php on line 74
[16-Oct-2024 02:46:13 Europe/Berlin] PHP Warning:  Undefined array key "confidence" in C:\xampp\htdocs\Thesis-IntelliEgg\webpages\fertility_check.php on line 74
[16-Oct-2024 02:46:18 Europe/Berlin] PHP Warning:  Undefined array key "confidence" in C:\xampp\htdocs\Thesis-IntelliEgg\webpages\fertility_check.php on line 74
[16-Oct-2024 02:46:18 Europe/Berlin] PHP Warning:  Undefined array key "confidence" in C:\xampp\htdocs\Thesis-IntelliEgg\webpages\fertility_check.php on line 74
[16-Oct-2024 02:46:23 Europe/Berlin] PHP Warning:  Undefined array key "confidence" in C:\xampp\htdocs\Thesis-IntelliEgg\webpages\fertility_check.php on line 74
[16-Oct-2024 02:46:23 Europe/Berlin] PHP Warning:  Undefined array key "confidence" in C:\xampp\htdocs\Thesis-IntelliEgg\webpages\fertility_check.php on line 74
[16-Oct-2024 02:46:28 Europe/Berlin] PHP Warning:  Undefined array key "confidence" in C:\xampp\htdocs\Thesis-IntelliEgg\webpages\fertility_check.php on line 74
[16-Oct-2024 02:46:28 Europe/Berlin] PHP Warning:  Undefined array key "confidence" in C:\xampp\htdocs\Thesis-IntelliEgg\webpages\fertility_check.php on line 74
[16-Oct-2024 02:46:33 Europe/Berlin] PHP Warning:  Undefined array key "confidence" in C:\xampp\htdocs\Thesis-IntelliEgg\webpages\fertility_check.php on line 74
[16-Oct-2024 02:46:33 Europe/Berlin] PHP Warning:  Undefined array key "confidence" in C:\xampp\htdocs\Thesis-IntelliEgg\webpages\fertility_check.php on line 74
[16-Oct-2024 02:47:07 Europe/Berlin] PHP Warning:  Undefined array key "confidence" in C:\xampp\htdocs\Thesis-IntelliEgg\webpages\fertility_check.php on line 74
[16-Oct-2024 02:47:07 Europe/Berlin] PHP Warning:  Undefined array key "confidence" in C:\xampp\htdocs\Thesis-IntelliEgg\webpages\fertility_check.php on line 74
[16-Oct-2024 02:48:07 Europe/Berlin] PHP Warning:  Undefined array key "confidence" in C:\xampp\htdocs\Thesis-IntelliEgg\webpages\fertility_check.php on line 74
[16-Oct-2024 02:48:07 Europe/Berlin] PHP Warning:  Undefined array key "confidence" in C:\xampp\htdocs\Thesis-IntelliEgg\webpages\fertility_check.php on line 74
[15-Oct-2024 20:21:16 Europe/Berlin] PHP Warning:  Undefined array key "confidence" in C:\xampp\htdocs\Thesis-IntelliEgg\webpages\fertility_check.php on line 74
[15-Oct-2024 20:21:16 Europe/Berlin] PHP Warning:  Undefined array key "confidence" in C:\xampp\htdocs\Thesis-IntelliEgg\webpages\fertility_check.php on line 74
[15-Oct-2024 20:22:16 Europe/Berlin] PHP Warning:  Undefined array key "confidence" in C:\xampp\htdocs\Thesis-IntelliEgg\webpages\fertility_check.php on line 74
[15-Oct-2024 20:22:16 Europe/Berlin] PHP Warning:  Undefined array key "confidence" in C:\xampp\htdocs\Thesis-IntelliEgg\webpages\fertility_check.php on line 74
[15-Oct-2024 20:23:16 Europe/Berlin] PHP Warning:  Undefined array key "confidence" in C:\xampp\htdocs\Thesis-IntelliEgg\webpages\fertility_check.php on line 74
[15-Oct-2024 20:23:16 Europe/Berlin] PHP Warning:  Undefined array key "confidence" in C:\xampp\htdocs\Thesis-IntelliEgg\webpages\fertility_check.php on line 74
[15-Oct-2024 20:24:16 Europe/Berlin] PHP Warning:  Undefined array key "confidence" in C:\xampp\htdocs\Thesis-IntelliEgg\webpages\fertility_check.php on line 74
[15-Oct-2024 20:24:16 Europe/Berlin] PHP Warning:  Undefined array key "confidence" in C:\xampp\htdocs\Thesis-IntelliEgg\webpages\fertility_check.php on line 74
[15-Oct-2024 20:24:53 Europe/Berlin] PHP Warning:  Undefined array key "confidence" in C:\xampp\htdocs\Thesis-IntelliEgg\webpages\fertility_check.php on line 74
[15-Oct-2024 20:24:53 Europe/Berlin] PHP Warning:  Undefined array key "confidence" in C:\xampp\htdocs\Thesis-IntelliEgg\webpages\fertility_check.php on line 74
[15-Oct-2024 20:25:00 Europe/Berlin] PHP Warning:  Undefined array key "confidence" in C:\xampp\htdocs\Thesis-IntelliEgg\webpages\fertility_check.php on line 74
[15-Oct-2024 20:25:00 Europe/Berlin] PHP Warning:  Undefined array key "confidence" in C:\xampp\htdocs\Thesis-IntelliEgg\webpages\fertility_check.php on line 74
[15-Oct-2024 20:25:06 Europe/Berlin] PHP Warning:  Undefined array key "confidence" in C:\xampp\htdocs\Thesis-IntelliEgg\webpages\fertility_check.php on line 74
[15-Oct-2024 20:25:06 Europe/Berlin] PHP Warning:  Undefined array key "confidence" in C:\xampp\htdocs\Thesis-IntelliEgg\webpages\fertility_check.php on line 74
[15-Oct-2024 20:25:11 Europe/Berlin] PHP Warning:  Undefined array key "confidence" in C:\xampp\htdocs\Thesis-IntelliEgg\webpages\fertility_check.php on line 74
[15-Oct-2024 20:25:11 Europe/Berlin] PHP Warning:  Undefined array key "confidence" in C:\xampp\htdocs\Thesis-IntelliEgg\webpages\fertility_check.php on line 74
[15-Oct-2024 20:25:16 Europe/Berlin] PHP Warning:  Undefined array key "confidence" in C:\xampp\htdocs\Thesis-IntelliEgg\webpages\fertility_check.php on line 74
[15-Oct-2024 20:25:16 Europe/Berlin] PHP Warning:  Undefined array key "confidence" in C:\xampp\htdocs\Thesis-IntelliEgg\webpages\fertility_check.php on line 74
[15-Oct-2024 20:25:22 Europe/Berlin] PHP Warning:  Undefined array key "confidence" in C:\xampp\htdocs\Thesis-IntelliEgg\webpages\fertility_check.php on line 74
[15-Oct-2024 20:25:22 Europe/Berlin] PHP Warning:  Undefined array key "confidence" in C:\xampp\htdocs\Thesis-IntelliEgg\webpages\fertility_check.php on line 74
[15-Oct-2024 20:25:26 Europe/Berlin] PHP Warning:  Undefined array key "confidence" in C:\xampp\htdocs\Thesis-IntelliEgg\webpages\fertility_check.php on line 74
[15-Oct-2024 20:25:26 Europe/Berlin] PHP Warning:  Undefined array key "confidence" in C:\xampp\htdocs\Thesis-IntelliEgg\webpages\fertility_check.php on line 74
[15-Oct-2024 20:25:31 Europe/Berlin] PHP Warning:  Undefined array key "confidence" in C:\xampp\htdocs\Thesis-IntelliEgg\webpages\fertility_check.php on line 74
[15-Oct-2024 20:25:31 Europe/Berlin] PHP Warning:  Undefined array key "confidence" in C:\xampp\htdocs\Thesis-IntelliEgg\webpages\fertility_check.php on line 74
[15-Oct-2024 20:25:36 Europe/Berlin] PHP Warning:  Undefined array key "confidence" in C:\xampp\htdocs\Thesis-IntelliEgg\webpages\fertility_check.php on line 74
[15-Oct-2024 20:25:36 Europe/Berlin] PHP Warning:  Undefined array key "confidence" in C:\xampp\htdocs\Thesis-IntelliEgg\webpages\fertility_check.php on line 74
[15-Oct-2024 20:25:41 Europe/Berlin] PHP Warning:  Undefined array key "confidence" in C:\xampp\htdocs\Thesis-IntelliEgg\webpages\fertility_check.php on line 74
[15-Oct-2024 20:25:41 Europe/Berlin] PHP Warning:  Undefined array key "confidence" in C:\xampp\htdocs\Thesis-IntelliEgg\webpages\fertility_check.php on line 74
[15-Oct-2024 20:25:46 Europe/Berlin] PHP Warning:  Undefined array key "confidence" in C:\xampp\htdocs\Thesis-IntelliEgg\webpages\fertility_check.php on line 74
[15-Oct-2024 20:25:46 Europe/Berlin] PHP Warning:  Undefined array key "confidence" in C:\xampp\htdocs\Thesis-IntelliEgg\webpages\fertility_check.php on line 74
[15-Oct-2024 20:25:51 Europe/Berlin] PHP Warning:  Undefined array key "confidence" in C:\xampp\htdocs\Thesis-IntelliEgg\webpages\fertility_check.php on line 74
[15-Oct-2024 20:25:51 Europe/Berlin] PHP Warning:  Undefined array key "confidence" in C:\xampp\htdocs\Thesis-IntelliEgg\webpages\fertility_check.php on line 74
[15-Oct-2024 20:25:56 Europe/Berlin] PHP Warning:  Undefined array key "confidence" in C:\xampp\htdocs\Thesis-IntelliEgg\webpages\fertility_check.php on line 74
[15-Oct-2024 20:25:56 Europe/Berlin] PHP Warning:  Undefined array key "confidence" in C:\xampp\htdocs\Thesis-IntelliEgg\webpages\fertility_check.php on line 74
[15-Oct-2024 20:26:01 Europe/Berlin] PHP Warning:  Undefined array key "confidence" in C:\xampp\htdocs\Thesis-IntelliEgg\webpages\fertility_check.php on line 74
[15-Oct-2024 20:26:01 Europe/Berlin] PHP Warning:  Undefined array key "confidence" in C:\xampp\htdocs\Thesis-IntelliEgg\webpages\fertility_check.php on line 74
[15-Oct-2024 20:26:06 Europe/Berlin] PHP Warning:  Undefined array key "confidence" in C:\xampp\htdocs\Thesis-IntelliEgg\webpages\fertility_check.php on line 74
[15-Oct-2024 20:26:06 Europe/Berlin] PHP Warning:  Undefined array key "confidence" in C:\xampp\htdocs\Thesis-IntelliEgg\webpages\fertility_check.php on line 74
[15-Oct-2024 20:26:11 Europe/Berlin] PHP Warning:  Undefined array key "confidence" in C:\xampp\htdocs\Thesis-IntelliEgg\webpages\fertility_check.php on line 74
[15-Oct-2024 20:26:11 Europe/Berlin] PHP Warning:  Undefined array key "confidence" in C:\xampp\htdocs\Thesis-IntelliEgg\webpages\fertility_check.php on line 74
[15-Oct-2024 20:26:16 Europe/Berlin] PHP Warning:  Undefined array key "confidence" in C:\xampp\htdocs\Thesis-IntelliEgg\webpages\fertility_check.php on line 74
[15-Oct-2024 20:26:16 Europe/Berlin] PHP Warning:  Undefined array key "confidence" in C:\xampp\htdocs\Thesis-IntelliEgg\webpages\fertility_check.php on line 74
[15-Oct-2024 20:26:21 Europe/Berlin] PHP Warning:  Undefined array key "confidence" in C:\xampp\htdocs\Thesis-IntelliEgg\webpages\fertility_check.php on line 74
[15-Oct-2024 20:26:21 Europe/Berlin] PHP Warning:  Undefined array key "confidence" in C:\xampp\htdocs\Thesis-IntelliEgg\webpages\fertility_check.php on line 74
[15-Oct-2024 20:26:26 Europe/Berlin] PHP Warning:  Undefined array key "confidence" in C:\xampp\htdocs\Thesis-IntelliEgg\webpages\fertility_check.php on line 74
[15-Oct-2024 20:26:26 Europe/Berlin] PHP Warning:  Undefined array key "confidence" in C:\xampp\htdocs\Thesis-IntelliEgg\webpages\fertility_check.php on line 74
[15-Oct-2024 20:26:31 Europe/Berlin] PHP Warning:  Undefined array key "confidence" in C:\xampp\htdocs\Thesis-IntelliEgg\webpages\fertility_check.php on line 74
[15-Oct-2024 20:26:31 Europe/Berlin] PHP Warning:  Undefined array key "confidence" in C:\xampp\htdocs\Thesis-IntelliEgg\webpages\fertility_check.php on line 74
[15-Oct-2024 20:26:36 Europe/Berlin] PHP Warning:  Undefined array key "confidence" in C:\xampp\htdocs\Thesis-IntelliEgg\webpages\fertility_check.php on line 74
[15-Oct-2024 20:26:36 Europe/Berlin] PHP Warning:  Undefined array key "confidence" in C:\xampp\htdocs\Thesis-IntelliEgg\webpages\fertility_check.php on line 74
[15-Oct-2024 20:26:41 Europe/Berlin] PHP Warning:  Undefined array key "confidence" in C:\xampp\htdocs\Thesis-IntelliEgg\webpages\fertility_check.php on line 74
[15-Oct-2024 20:26:41 Europe/Berlin] PHP Warning:  Undefined array key "confidence" in C:\xampp\htdocs\Thesis-IntelliEgg\webpages\fertility_check.php on line 74
[15-Oct-2024 20:26:46 Europe/Berlin] PHP Warning:  Undefined array key "confidence" in C:\xampp\htdocs\Thesis-IntelliEgg\webpages\fertility_check.php on line 74
[15-Oct-2024 20:26:46 Europe/Berlin] PHP Warning:  Undefined array key "confidence" in C:\xampp\htdocs\Thesis-IntelliEgg\webpages\fertility_check.php on line 74
[15-Oct-2024 20:26:51 Europe/Berlin] PHP Warning:  Undefined array key "confidence" in C:\xampp\htdocs\Thesis-IntelliEgg\webpages\fertility_check.php on line 74
[15-Oct-2024 20:26:51 Europe/Berlin] PHP Warning:  Undefined array key "confidence" in C:\xampp\htdocs\Thesis-IntelliEgg\webpages\fertility_check.php on line 74
[15-Oct-2024 20:26:56 Europe/Berlin] PHP Warning:  Undefined array key "confidence" in C:\xampp\htdocs\Thesis-IntelliEgg\webpages\fertility_check.php on line 74
[15-Oct-2024 20:26:56 Europe/Berlin] PHP Warning:  Undefined array key "confidence" in C:\xampp\htdocs\Thesis-IntelliEgg\webpages\fertility_check.php on line 74
[15-Oct-2024 20:27:01 Europe/Berlin] PHP Warning:  Undefined array key "confidence" in C:\xampp\htdocs\Thesis-IntelliEgg\webpages\fertility_check.php on line 74
[15-Oct-2024 20:27:01 Europe/Berlin] PHP Warning:  Undefined array key "confidence" in C:\xampp\htdocs\Thesis-IntelliEgg\webpages\fertility_check.php on line 74
[15-Oct-2024 20:27:06 Europe/Berlin] PHP Warning:  Undefined array key "confidence" in C:\xampp\htdocs\Thesis-IntelliEgg\webpages\fertility_check.php on line 74
[15-Oct-2024 20:27:06 Europe/Berlin] PHP Warning:  Undefined array key "confidence" in C:\xampp\htdocs\Thesis-IntelliEgg\webpages\fertility_check.php on line 74
[15-Oct-2024 20:27:11 Europe/Berlin] PHP Warning:  Undefined array key "confidence" in C:\xampp\htdocs\Thesis-IntelliEgg\webpages\fertility_check.php on line 74
[15-Oct-2024 20:27:11 Europe/Berlin] PHP Warning:  Undefined array key "confidence" in C:\xampp\htdocs\Thesis-IntelliEgg\webpages\fertility_check.php on line 74
[15-Oct-2024 20:27:16 Europe/Berlin] PHP Warning:  Undefined array key "confidence" in C:\xampp\htdocs\Thesis-IntelliEgg\webpages\fertility_check.php on line 74
[15-Oct-2024 20:27:16 Europe/Berlin] PHP Warning:  Undefined array key "confidence" in C:\xampp\htdocs\Thesis-IntelliEgg\webpages\fertility_check.php on line 74
[15-Oct-2024 20:27:21 Europe/Berlin] PHP Warning:  Undefined array key "confidence" in C:\xampp\htdocs\Thesis-IntelliEgg\webpages\fertility_check.php on line 74
[15-Oct-2024 20:27:21 Europe/Berlin] PHP Warning:  Undefined array key "confidence" in C:\xampp\htdocs\Thesis-IntelliEgg\webpages\fertility_check.php on line 74
[15-Oct-2024 20:27:26 Europe/Berlin] PHP Warning:  Undefined array key "confidence" in C:\xampp\htdocs\Thesis-IntelliEgg\webpages\fertility_check.php on line 74
[15-Oct-2024 20:27:26 Europe/Berlin] PHP Warning:  Undefined array key "confidence" in C:\xampp\htdocs\Thesis-IntelliEgg\webpages\fertility_check.php on line 74
[15-Oct-2024 20:27:31 Europe/Berlin] PHP Warning:  Undefined array key "confidence" in C:\xampp\htdocs\Thesis-IntelliEgg\webpages\fertility_check.php on line 74
[15-Oct-2024 20:27:31 Europe/Berlin] PHP Warning:  Undefined array key "confidence" in C:\xampp\htdocs\Thesis-IntelliEgg\webpages\fertility_check.php on line 74
[15-Oct-2024 20:27:36 Europe/Berlin] PHP Warning:  Undefined array key "confidence" in C:\xampp\htdocs\Thesis-IntelliEgg\webpages\fertility_check.php on line 74
[15-Oct-2024 20:27:36 Europe/Berlin] PHP Warning:  Undefined array key "confidence" in C:\xampp\htdocs\Thesis-IntelliEgg\webpages\fertility_check.php on line 74
[15-Oct-2024 20:27:41 Europe/Berlin] PHP Warning:  Undefined array key "confidence" in C:\xampp\htdocs\Thesis-IntelliEgg\webpages\fertility_check.php on line 74
[15-Oct-2024 20:27:41 Europe/Berlin] PHP Warning:  Undefined array key "confidence" in C:\xampp\htdocs\Thesis-IntelliEgg\webpages\fertility_check.php on line 74
[15-Oct-2024 20:27:46 Europe/Berlin] PHP Warning:  Undefined array key "confidence" in C:\xampp\htdocs\Thesis-IntelliEgg\webpages\fertility_check.php on line 74
[15-Oct-2024 20:27:46 Europe/Berlin] PHP Warning:  Undefined array key "confidence" in C:\xampp\htdocs\Thesis-IntelliEgg\webpages\fertility_check.php on line 74
[15-Oct-2024 20:27:51 Europe/Berlin] PHP Warning:  Undefined array key "confidence" in C:\xampp\htdocs\Thesis-IntelliEgg\webpages\fertility_check.php on line 74
[15-Oct-2024 20:27:51 Europe/Berlin] PHP Warning:  Undefined array key "confidence" in C:\xampp\htdocs\Thesis-IntelliEgg\webpages\fertility_check.php on line 74
[15-Oct-2024 20:27:56 Europe/Berlin] PHP Warning:  Undefined array key "confidence" in C:\xampp\htdocs\Thesis-IntelliEgg\webpages\fertility_check.php on line 74
[15-Oct-2024 20:27:56 Europe/Berlin] PHP Warning:  Undefined array key "confidence" in C:\xampp\htdocs\Thesis-IntelliEgg\webpages\fertility_check.php on line 74
[15-Oct-2024 20:28:01 Europe/Berlin] PHP Warning:  Undefined array key "confidence" in C:\xampp\htdocs\Thesis-IntelliEgg\webpages\fertility_check.php on line 74
[15-Oct-2024 20:28:01 Europe/Berlin] PHP Warning:  Undefined array key "confidence" in C:\xampp\htdocs\Thesis-IntelliEgg\webpages\fertility_check.php on line 74
[15-Oct-2024 20:28:06 Europe/Berlin] PHP Warning:  Undefined array key "confidence" in C:\xampp\htdocs\Thesis-IntelliEgg\webpages\fertility_check.php on line 74
[15-Oct-2024 20:28:06 Europe/Berlin] PHP Warning:  Undefined array key "confidence" in C:\xampp\htdocs\Thesis-IntelliEgg\webpages\fertility_check.php on line 74
[15-Oct-2024 20:28:11 Europe/Berlin] PHP Warning:  Undefined array key "confidence" in C:\xampp\htdocs\Thesis-IntelliEgg\webpages\fertility_check.php on line 74
[15-Oct-2024 20:28:11 Europe/Berlin] PHP Warning:  Undefined array key "confidence" in C:\xampp\htdocs\Thesis-IntelliEgg\webpages\fertility_check.php on line 74
[15-Oct-2024 20:28:16 Europe/Berlin] PHP Warning:  Undefined array key "confidence" in C:\xampp\htdocs\Thesis-IntelliEgg\webpages\fertility_check.php on line 74
[15-Oct-2024 20:28:16 Europe/Berlin] PHP Warning:  Undefined array key "confidence" in C:\xampp\htdocs\Thesis-IntelliEgg\webpages\fertility_check.php on line 74
[15-Oct-2024 20:28:20 Europe/Berlin] PHP Warning:  Undefined array key "confidence" in C:\xampp\htdocs\Thesis-IntelliEgg\webpages\fertility_check.php on line 74
[15-Oct-2024 20:28:20 Europe/Berlin] PHP Warning:  Undefined array key "confidence" in C:\xampp\htdocs\Thesis-IntelliEgg\webpages\fertility_check.php on line 74
[15-Oct-2024 20:28:26 Europe/Berlin] PHP Warning:  Undefined array key "confidence" in C:\xampp\htdocs\Thesis-IntelliEgg\webpages\fertility_check.php on line 74
[15-Oct-2024 20:28:26 Europe/Berlin] PHP Warning:  Undefined array key "confidence" in C:\xampp\htdocs\Thesis-IntelliEgg\webpages\fertility_check.php on line 74
[15-Oct-2024 20:28:31 Europe/Berlin] PHP Warning:  Undefined array key "confidence" in C:\xampp\htdocs\Thesis-IntelliEgg\webpages\fertility_check.php on line 74
[15-Oct-2024 20:28:31 Europe/Berlin] PHP Warning:  Undefined array key "confidence" in C:\xampp\htdocs\Thesis-IntelliEgg\webpages\fertility_check.php on line 74
[15-Oct-2024 20:28:36 Europe/Berlin] PHP Warning:  Undefined array key "confidence" in C:\xampp\htdocs\Thesis-IntelliEgg\webpages\fertility_check.php on line 74
[15-Oct-2024 20:28:36 Europe/Berlin] PHP Warning:  Undefined array key "confidence" in C:\xampp\htdocs\Thesis-IntelliEgg\webpages\fertility_check.php on line 74
[15-Oct-2024 20:28:41 Europe/Berlin] PHP Warning:  Undefined array key "confidence" in C:\xampp\htdocs\Thesis-IntelliEgg\webpages\fertility_check.php on line 74
[15-Oct-2024 20:28:41 Europe/Berlin] PHP Warning:  Undefined array key "confidence" in C:\xampp\htdocs\Thesis-IntelliEgg\webpages\fertility_check.php on line 74
[15-Oct-2024 20:28:47 Europe/Berlin] PHP Warning:  Undefined array key "confidence" in C:\xampp\htdocs\Thesis-IntelliEgg\webpages\fertility_check.php on line 74
[15-Oct-2024 20:28:47 Europe/Berlin] PHP Warning:  Undefined array key "confidence" in C:\xampp\htdocs\Thesis-IntelliEgg\webpages\fertility_check.php on line 74
[15-Oct-2024 20:28:51 Europe/Berlin] PHP Warning:  Undefined array key "confidence" in C:\xampp\htdocs\Thesis-IntelliEgg\webpages\fertility_check.php on line 74
[15-Oct-2024 20:28:52 Europe/Berlin] PHP Warning:  Undefined array key "confidence" in C:\xampp\htdocs\Thesis-IntelliEgg\webpages\fertility_check.php on line 74
[15-Oct-2024 20:28:56 Europe/Berlin] PHP Warning:  Undefined array key "confidence" in C:\xampp\htdocs\Thesis-IntelliEgg\webpages\fertility_check.php on line 74
[15-Oct-2024 20:28:57 Europe/Berlin] PHP Warning:  Undefined array key "confidence" in C:\xampp\htdocs\Thesis-IntelliEgg\webpages\fertility_check.php on line 74
[15-Oct-2024 20:29:02 Europe/Berlin] PHP Warning:  Undefined array key "confidence" in C:\xampp\htdocs\Thesis-IntelliEgg\webpages\fertility_check.php on line 74
[15-Oct-2024 20:29:02 Europe/Berlin] PHP Warning:  Undefined array key "confidence" in C:\xampp\htdocs\Thesis-IntelliEgg\webpages\fertility_check.php on line 74
[15-Oct-2024 20:29:07 Europe/Berlin] PHP Warning:  Undefined array key "confidence" in C:\xampp\htdocs\Thesis-IntelliEgg\webpages\fertility_check.php on line 74
[15-Oct-2024 20:29:07 Europe/Berlin] PHP Warning:  Undefined array key "confidence" in C:\xampp\htdocs\Thesis-IntelliEgg\webpages\fertility_check.php on line 74
[15-Oct-2024 20:29:11 Europe/Berlin] PHP Warning:  Undefined array key "confidence" in C:\xampp\htdocs\Thesis-IntelliEgg\webpages\fertility_check.php on line 74
[15-Oct-2024 20:29:11 Europe/Berlin] PHP Warning:  Undefined array key "confidence" in C:\xampp\htdocs\Thesis-IntelliEgg\webpages\fertility_check.php on line 74
[15-Oct-2024 20:29:17 Europe/Berlin] PHP Warning:  Undefined array key "confidence" in C:\xampp\htdocs\Thesis-IntelliEgg\webpages\fertility_check.php on line 74
[15-Oct-2024 20:29:17 Europe/Berlin] PHP Warning:  Undefined array key "confidence" in C:\xampp\htdocs\Thesis-IntelliEgg\webpages\fertility_check.php on line 74
[15-Oct-2024 20:29:21 Europe/Berlin] PHP Warning:  Undefined array key "confidence" in C:\xampp\htdocs\Thesis-IntelliEgg\webpages\fertility_check.php on line 74
[15-Oct-2024 20:29:21 Europe/Berlin] PHP Warning:  Undefined array key "confidence" in C:\xampp\htdocs\Thesis-IntelliEgg\webpages\fertility_check.php on line 74
[15-Oct-2024 20:29:26 Europe/Berlin] PHP Warning:  Undefined array key "confidence" in C:\xampp\htdocs\Thesis-IntelliEgg\webpages\fertility_check.php on line 74
[15-Oct-2024 20:29:26 Europe/Berlin] PHP Warning:  Undefined array key "confidence" in C:\xampp\htdocs\Thesis-IntelliEgg\webpages\fertility_check.php on line 74
[15-Oct-2024 20:29:31 Europe/Berlin] PHP Warning:  Undefined array key "confidence" in C:\xampp\htdocs\Thesis-IntelliEgg\webpages\fertility_check.php on line 74
[15-Oct-2024 20:29:32 Europe/Berlin] PHP Warning:  Undefined array key "confidence" in C:\xampp\htdocs\Thesis-IntelliEgg\webpages\fertility_check.php on line 74
[15-Oct-2024 20:29:36 Europe/Berlin] PHP Warning:  Undefined array key "confidence" in C:\xampp\htdocs\Thesis-IntelliEgg\webpages\fertility_check.php on line 74
[15-Oct-2024 20:29:36 Europe/Berlin] PHP Warning:  Undefined array key "confidence" in C:\xampp\htdocs\Thesis-IntelliEgg\webpages\fertility_check.php on line 74
[15-Oct-2024 20:29:42 Europe/Berlin] PHP Warning:  Undefined array key "confidence" in C:\xampp\htdocs\Thesis-IntelliEgg\webpages\fertility_check.php on line 74
[15-Oct-2024 20:29:42 Europe/Berlin] PHP Warning:  Undefined array key "confidence" in C:\xampp\htdocs\Thesis-IntelliEgg\webpages\fertility_check.php on line 74
[15-Oct-2024 20:29:47 Europe/Berlin] PHP Warning:  Undefined array key "confidence" in C:\xampp\htdocs\Thesis-IntelliEgg\webpages\fertility_check.php on line 74
[15-Oct-2024 20:29:47 Europe/Berlin] PHP Warning:  Undefined array key "confidence" in C:\xampp\htdocs\Thesis-IntelliEgg\webpages\fertility_check.php on line 74
